<?xml version='1.0' encoding='UTF-8' ?>
<testsuite name="com.example.dogglers.ButtonTests" tests="19" failures="13" errors="0" skipped="0" time="41.776" timestamp="2022-06-06T14:06:48" hostname="localhost">
  <properties>
    <property name="device" value="Pixel_5_API_31(AVD) - 12" />
    <property name="flavor" value="" />
    <property name="project" value=":app" />
  </properties>
  <testcase name="grid_list_button_is_displayed" classname="com.example.dogglers.ButtonTests" time="5.429" />
  <testcase name="clicking_horizontal_list_button_displays_horizontal_list" classname="com.example.dogglers.ButtonTests" time="2.961" />
  <testcase name="clicking_grid_list_button_displays_grid_list" classname="com.example.dogglers.ButtonTests" time="1.868" />
  <testcase name="clicking_vertical_list_button_displays_vertical_list" classname="com.example.dogglers.ButtonTests" time="1.644" />
  <testcase name="horizontal_list_button_is_displayed" classname="com.example.dogglers.ButtonTests" time="0.776" />
  <testcase name="vertical_list_button_is_displayed" classname="com.example.dogglers.ButtonTests" time="0.705" />
  <testcase name="recycler_view_item_count" classname="com.example.dogglers.GridListTests" time="0.915">
    <failure>androidx.test.espresso.base.DefaultFailureHandler$AssertionFailedWithCauseError: RecyclerView item count
Expected: &lt;6&gt;
Got: was &lt;7&gt;

at dalvik.system.VMStack.getThreadStackTrace(Native Method)
at java.lang.Thread.getStackTrace(Thread.java:1724)
at androidx.test.espresso.base.DefaultFailureHandler.getUserFriendlyError(DefaultFailureHandler.java:12)
at androidx.test.espresso.base.DefaultFailureHandler.handle(DefaultFailureHandler.java:7)
at androidx.test.espresso.ViewInteraction.waitForAndHandleInteractionResults(ViewInteraction.java:5)
at androidx.test.espresso.ViewInteraction.check(ViewInteraction.java:12)
at com.example.dogglers.GridListTests.recycler_view_item_count(GridListTests.kt:66)
... 29 trimmed
Caused by: junit.framework.AssertionFailedError: RecyclerView item count
Expected: &lt;6&gt;
Got: was &lt;7&gt;

at androidx.test.espresso.matcher.ViewMatchers.assertThat(ViewMatchers.java:16)
at com.example.dogglers.BaseTest$DrawableMatcher$RecyclerViewAssertion.check(BaseTest.kt:163)
at androidx.test.espresso.ViewInteraction$SingleExecutionViewAssertion.check(ViewInteraction.java:2)
at androidx.test.espresso.ViewInteraction$2.call(ViewInteraction.java:12)
at androidx.test.espresso.ViewInteraction$2.call(ViewInteraction.java:1)
at java.util.concurrent.FutureTask.run(FutureTask.java:266)
at android.os.Handler.handleCallback(Handler.java:938)
at android.os.Handler.dispatchMessage(Handler.java:99)
at android.os.Looper.loopOnce(Looper.java:201)
at android.os.Looper.loop(Looper.java:288)
at android.app.ActivityThread.main(ActivityThread.java:7839)
at java.lang.reflect.Method.invoke(Native Method)
at com.android.internal.os.RuntimeInit$MethodAndArgsCaller.run(RuntimeInit.java:548)
at com.android.internal.os.ZygoteInit.main(ZygoteInit.java:1003)</failure>
  </testcase>
  <testcase name="grid_list_content_on_first_page" classname="com.example.dogglers.GridListTests" time="1.508">
    <failure>androidx.test.espresso.NoMatchingViewException: No views in hierarchy found matching: an instance of android.widget.TextView and view.getText() with or without transformation to match: is "Nox"

View Hierarchy:
+&gt;DecorView{id=-1, visibility=VISIBLE, width=1080, height=2340, has-focus=false, has-focusable=true, has-window-focus=true, is-clickable=false, is-enabled=true, is-focused=false, is-focusable=false, is-layout-requested=false, is-selected=false, layout-params={(0,0)(fillxfill) ty=BASE_APPLICATION wanim=0x10302fe
fl=LAYOUT_IN_SCREEN LAYOUT_INSET_DECOR SPLIT_TOUCH HARDWARE_ACCELERATED DRAWS_SYSTEM_BAR_BACKGROUNDS
pfl=NO_MOVE_ANIMATION FORCE_DRAW_STATUS_BAR_BACKGROUND FIT_INSETS_CONTROLLED
bhv=DEFAULT
fitSides=}, tag=null, root-is-layout-requested=false, has-input-connection=false, x=0.0, y=0.0, child-count=3}
|
+-&gt;LinearLayout{id=-1, visibility=VISIBLE, width=1080, height=2208, has-focus=false, has-focusable=true, has-window-focus=true, is-clickable=false, is-enabled=true, is-focused=false, is-focusable=false, is-layout-requested=false, is-selected=false, layout-params=android.widget.FrameLayout$LayoutParams&#64;e4d8869, tag=null, root-is-layout-requested=false, has-input-connection=false, x=0.0, y=0.0, child-count=2}
|
+--&gt;ViewStub{id=16908720, res-name=action_mode_bar_stub, visibility=GONE, width=0, height=0, has-focus=false, has-focusable=false, has-window-focus=true, is-clickable=false, is-enabled=true, is-focused=false, is-focusable=false, is-layout-requested=true, is-selected=false, layout-params=android.widget.LinearLayout$LayoutParams&#64;c942ee, tag=null, root-is-layout-requested=false, has-input-connection=false, x=0.0, y=0.0}
|
+--&gt;FrameLayout{id=-1, visibility=VISIBLE, width=1080, height=2063, has-focus=false, has-focusable=true, has-window-focus=true, is-clickable=false, is-enabled=true, is-focused=false, is-focusable=false, is-layout-requested=false, is-selected=false, layout-params=android.widget.LinearLayout$LayoutParams&#64;f47b61c, tag=null, root-is-layout-requested=false, has-input-connection=false, x=0.0, y=145.0, child-count=1}
|
+---&gt;ActionBarOverlayLayout{id=2131230866, res-name=decor_content_parent, visibility=VISIBLE, width=1080, height=2063, has-focus=false, has-focusable=true, has-window-focus=true, is-clickable=false, is-enabled=true, is-focused=false, is-focusable=false, is-layout-requested=false, is-selected=false, layout-params=android.widget.FrameLayout$LayoutParams&#64;a2079ab, tag=null, root-is-layout-requested=false, has-input-connection=false, x=0.0, y=0.0, child-count=2}
|
+----&gt;ContentFrameLayout{id=16908290, res-name=content, visibility=VISIBLE, width=1080, height=1909, has-focus=false, has-focusable=true, has-window-focus=true, is-clickable=false, is-enabled=true, is-focused=false, is-focusable=false, is-layout-requested=false, is-selected=false, layout-params=androidx.appcompat.widget.ActionBarOverlayLayout$LayoutParams&#64;894dba1, tag=null, root-is-layout-requested=false, has-input-connection=false, x=0.0, y=154.0, child-count=1}
|
+-----&gt;FrameLayout{id=-1, visibility=VISIBLE, width=1080, height=1909, has-focus=false, has-focusable=true, has-window-focus=true, is-clickable=false, is-enabled=true, is-focused=false, is-focusable=false, is-layout-requested=false, is-selected=false, layout-params=android.widget.FrameLayout$LayoutParams&#64;2eb0587, tag=null, root-is-layout-requested=false, has-input-connection=false, x=0.0, y=0.0, child-count=1}
|
+------&gt;RecyclerView{id=2131230933, res-name=grid_recycler_view, visibility=VISIBLE, width=1080, height=1909, has-focus=false, has-focusable=true, has-window-focus=true, is-clickable=false, is-enabled=true, is-focused=false, is-focusable=true, is-layout-requested=false, is-selected=false, layout-params=android.widget.FrameLayout$LayoutParams&#64;202439e, tag=null, root-is-layout-requested=false, has-input-connection=false, x=0.0, y=0.0, child-count=6}
|
+-------&gt;MaterialCardView{id=-1, visibility=VISIBLE, width=496, height=910, has-focus=false, has-focusable=false, has-window-focus=true, is-clickable=false, is-enabled=true, is-focused=false, is-focusable=false, is-layout-requested=false, is-selected=false, layout-params=androidx.recyclerview.widget.GridLayoutManager$LayoutParams&#64;972de4c, tag=null, root-is-layout-requested=false, has-input-connection=false, x=22.0, y=22.0, is-checked=false, child-count=1}
|
+--------&gt;ConstraintLayout{id=-1, visibility=VISIBLE, width=496, height=910, has-focus=false, has-focusable=false, has-window-focus=true, is-clickable=false, is-enabled=true, is-focused=false, is-focusable=false, is-layout-requested=false, is-selected=false, layout-params=android.widget.FrameLayout$LayoutParams&#64;e5aef11, tag=null, root-is-layout-requested=false, has-input-connection=false, x=0.0, y=0.0, child-count=4}
|
+---------&gt;AppCompatImageView{id=2131230952, res-name=image_view, visibility=VISIBLE, width=496, height=534, has-focus=false, has-focusable=false, has-window-focus=true, is-clickable=false, is-enabled=true, is-focused=false, is-focusable=false, is-layout-requested=false, is-selected=false, layout-params=androidx.constraintlayout.widget.ConstraintLayout$LayoutParams&#64;9b52876, tag=null, root-is-layout-requested=false, has-input-connection=false, x=0.0, y=0.0}
|
+---------&gt;MaterialTextView{id=2131231194, res-name=tv_name, visibility=VISIBLE, width=116, height=74, has-focus=false, has-focusable=false, has-window-focus=true, is-clickable=false, is-enabled=true, is-focused=false, is-focusable=false, is-layout-requested=false, is-selected=false, layout-params=androidx.constraintlayout.widget.ConstraintLayout$LayoutParams&#64;5ba5e77, tag=null, root-is-layout-requested=false, has-input-connection=false, x=22.0, y=556.0, text=Nala, input-type=0, ime-target=false, has-links=false}
|
+---------&gt;MaterialTextView{id=2131231192, res-name=tv_age, visibility=VISIBLE, width=133, height=59, has-focus=false, has-focusable=false, has-window-focus=true, is-clickable=false, is-enabled=true, is-focused=false, is-focusable=false, is-layout-requested=false, is-selected=false, layout-params=androidx.constraintlayout.widget.ConstraintLayout$LayoutParams&#64;2caae4, tag=null, root-is-layout-requested=false, has-input-connection=false, x=22.0, y=674.0, text=Age: 3, input-type=0, ime-target=false, has-links=false}
|
+---------&gt;MaterialTextView{id=2131231193, res-name=tv_hobbies, visibility=VISIBLE, width=452, height=111, has-focus=false, has-focusable=false, has-window-focus=true, is-clickable=false, is-enabled=true, is-focused=false, is-focusable=false, is-layout-requested=false, is-selected=false, layout-params=androidx.constraintlayout.widget.ConstraintLayout$LayoutParams&#64;f6e6b4d, tag=null, root-is-layout-requested=false, has-input-connection=false, x=22.0, y=777.0, text=Hobbies: Strolling in the garden, input-type=0, ime-target=false, has-links=false}
|
+-------&gt;MaterialCardView{id=-1, visibility=VISIBLE, width=496, height=910, has-focus=false, has-focusable=false, has-window-focus=true, is-clickable=false, is-enabled=true, is-focused=false, is-focusable=false, is-layout-requested=false, is-selected=false, layout-params=androidx.recyclerview.widget.GridLayoutManager$LayoutParams&#64;56c6b13, tag=null, root-is-layout-requested=false, has-input-connection=false, x=562.0, y=22.0, is-checked=false, child-count=1}
|
+--------&gt;ConstraintLayout{id=-1, visibility=VISIBLE, width=496, height=858, has-focus=false, has-focusable=false, has-window-focus=true, is-clickable=false, is-enabled=true, is-focused=false, is-focusable=false, is-layout-requested=false, is-selected=false, layout-params=android.widget.FrameLayout$LayoutParams&#64;e90727c, tag=null, root-is-layout-requested=false, has-input-connection=false, x=0.0, y=0.0, child-count=4}
|
+---------&gt;AppCompatImageView{id=2131230952, res-name=image_view, visibility=VISIBLE, width=496, height=534, has-focus=false, has-focusable=false, has-window-focus=true, is-clickable=false, is-enabled=true, is-focused=false, is-focusable=false, is-layout-requested=false, is-selected=false, layout-params=androidx.constraintlayout.widget.ConstraintLayout$LayoutParams&#64;e4ab705, tag=null, root-is-layout-requested=false, has-input-connection=false, x=0.0, y=0.0}
|
+---------&gt;MaterialTextView{id=2131231194, res-name=tv_name, visibility=VISIBLE, width=96, height=74, has-focus=false, has-focusable=false, has-window-focus=true, is-clickable=false, is-enabled=true, is-focused=false, is-focusable=false, is-layout-requested=false, is-selected=false, layout-params=androidx.constraintlayout.widget.ConstraintLayout$LayoutParams&#64;c71a35a, tag=null, root-is-layout-requested=false, has-input-connection=false, x=22.0, y=556.0, text=Kali, input-type=0, ime-target=false, has-links=false}
|
+---------&gt;MaterialTextView{id=2131231192, res-name=tv_age, visibility=VISIBLE, width=133, height=59, has-focus=false, has-focusable=false, has-window-focus=true, is-clickable=false, is-enabled=true, is-focused=false, is-focusable=false, is-layout-requested=false, is-selected=false, layout-params=androidx.constraintlayout.widget.ConstraintLayout$LayoutParams&#64;dc4298b, tag=null, root-is-layout-requested=false, has-input-connection=false, x=22.0, y=674.0, text=Age: 1, input-type=0, ime-target=false, has-links=false}
|
+---------&gt;MaterialTextView{id=2131231193, res-name=tv_hobbies, visibility=VISIBLE, width=452, height=59, has-focus=false, has-focusable=false, has-window-focus=true, is-clickable=false, is-enabled=true, is-focused=false, is-focusable=false, is-layout-requested=false, is-selected=false, layout-params=androidx.constraintlayout.widget.ConstraintLayout$LayoutParams&#64;db03a68, tag=null, root-is-layout-requested=false, has-input-connection=false, x=22.0, y=777.0, text=Hobbies: Sunbathing, input-type=0, ime-target=false, has-links=false}
|
+-------&gt;MaterialCardView{id=-1, visibility=VISIBLE, width=496, height=910, has-focus=false, has-focusable=false, has-window-focus=true, is-clickable=false, is-enabled=true, is-focused=false, is-focusable=false, is-layout-requested=false, is-selected=false, layout-params=androidx.recyclerview.widget.GridLayoutManager$LayoutParams&#64;a169b26, tag=null, root-is-layout-requested=false, has-input-connection=false, x=22.0, y=976.0, is-checked=false, child-count=1}
|
+--------&gt;ConstraintLayout{id=-1, visibility=VISIBLE, width=496, height=910, has-focus=false, has-focusable=false, has-window-focus=true, is-clickable=false, is-enabled=true, is-focused=false, is-focusable=false, is-layout-requested=false, is-selected=false, layout-params=android.widget.FrameLayout$LayoutParams&#64;5963f03, tag=null, root-is-layout-requested=false, has-input-connection=false, x=0.0, y=0.0, child-count=4}
|
+---------&gt;AppCompatImageView{id=2131230952, res-name=image_view, visibility=VISIBLE, width=496, height=534, has-focus=false, has-focusable=false, has-window-focus=true, is-clickable=false, is-enabled=true, is-focused=false, is-focusable=false, is-layout-requested=false, is-selected=false, layout-params=androidx.constraintlayout.widget.ConstraintLayout$LayoutParams&#64;77dee80, tag=null, root-is-layout-requested=false, has-input-connection=false, x=0.0, y=0.0}
|
+---------&gt;MaterialTextView{id=2131231194, res-name=tv_name, visibility=VISIBLE, width=139, height=74, has-focus=false, has-focusable=false, has-window-focus=true, is-clickable=false, is-enabled=true, is-focused=false, is-focusable=false, is-layout-requested=false, is-selected=false, layout-params=androidx.constraintlayout.widget.ConstraintLayout$LayoutParams&#64;649bcb9, tag=null, root-is-layout-requested=false, has-input-connection=false, x=22.0, y=556.0, text=Snow, input-type=0, ime-target=false, has-links=false}
|
+---------&gt;MaterialTextView{id=2131231192, res-name=tv_age, visibility=VISIBLE, width=133, height=59, has-focus=false, has-focusable=false, has-window-focus=true, is-clickable=false, is-enabled=true, is-focused=false, is-focusable=false, is-layout-requested=false, is-selected=false, layout-params=androidx.constraintlayout.widget.ConstraintLayout$LayoutParams&#64;4fbe8fe, tag=null, root-is-layout-requested=false, has-input-connection=false, x=22.0, y=674.0, text=Age: 2, input-type=0, ime-target=false, has-links=false}
|
+---------&gt;MaterialTextView{id=2131231193, res-name=tv_hobbies, visibility=VISIBLE, width=452, height=111, has-focus=false, has-focusable=false, has-window-focus=true, is-clickable=false, is-enabled=true, is-focused=false, is-focusable=false, is-layout-requested=false, is-selected=false, layout-params=androidx.constraintlayout.widget.ConstraintLayout$LayoutParams&#64;2b3c85f, tag=null, root-is-layout-requested=false, has-input-connection=false, x=22.0, y=777.0, text=Hobbies: Playing in the snow, input-type=0, ime-target=false, has-links=false}
|
+-------&gt;MaterialCardView{id=-1, visibility=VISIBLE, width=496, height=910, has-focus=false, has-focusable=false, has-window-focus=true, is-clickable=false, is-enabled=true, is-focused=false, is-focusable=false, is-layout-requested=false, is-selected=false, layout-params=androidx.recyclerview.widget.GridLayoutManager$LayoutParams&#64;406b75, tag=null, root-is-layout-requested=false, has-input-connection=false, x=562.0, y=976.0, is-checked=false, child-count=1}
|
+--------&gt;ConstraintLayout{id=-1, visibility=VISIBLE, width=496, height=858, has-focus=false, has-focusable=false, has-window-focus=true, is-clickable=false, is-enabled=true, is-focused=false, is-focusable=false, is-layout-requested=false, is-selected=false, layout-params=android.widget.FrameLayout$LayoutParams&#64;6d219d6, tag=null, root-is-layout-requested=false, has-input-connection=false, x=0.0, y=0.0, child-count=4}
|
+---------&gt;AppCompatImageView{id=2131230952, res-name=image_view, visibility=VISIBLE, width=496, height=534, has-focus=false, has-focusable=false, has-window-focus=true, is-clickable=false, is-enabled=true, is-focused=false, is-focusable=false, is-layout-requested=false, is-selected=false, layout-params=androidx.constraintlayout.widget.ConstraintLayout$LayoutParams&#64;cd86457, tag=null, root-is-layout-requested=false, has-input-connection=false, x=0.0, y=0.0}
|
+---------&gt;MaterialTextView{id=2131231194, res-name=tv_name, visibility=VISIBLE, width=122, height=74, has-focus=false, has-focusable=false, has-window-focus=true, is-clickable=false, is-enabled=true, is-focused=false, is-focusable=false, is-layout-requested=false, is-selected=false, layout-params=androidx.constraintlayout.widget.ConstraintLayout$LayoutParams&#64;8ff6b44, tag=null, root-is-layout-requested=false, has-input-connection=false, x=22.0, y=556.0, text=Jake, input-type=0, ime-target=false, has-links=false}
|
+---------&gt;MaterialTextView{id=2131231192, res-name=tv_age, visibility=VISIBLE, width=133, height=59, has-focus=false, has-focusable=false, has-window-focus=true, is-clickable=false, is-enabled=true, is-focused=false, is-focusable=false, is-layout-requested=false, is-selected=false, layout-params=androidx.constraintlayout.widget.ConstraintLayout$LayoutParams&#64;207942d, tag=null, root-is-layout-requested=false, has-input-connection=false, x=22.0, y=674.0, text=Age: 1, input-type=0, ime-target=false, has-links=false}
|
+---------&gt;MaterialTextView{id=2131231193, res-name=tv_hobbies, visibility=VISIBLE, width=452, height=59, has-focus=false, has-focusable=false, has-window-focus=true, is-clickable=false, is-enabled=true, is-focused=false, is-focusable=false, is-layout-requested=false, is-selected=false, layout-params=androidx.constraintlayout.widget.ConstraintLayout$LayoutParams&#64;42dfd62, tag=null, root-is-layout-requested=false, has-input-connection=false, x=22.0, y=777.0, text=Hobbies: Surfing, input-type=0, ime-target=false, has-links=false}
|
+-------&gt;MaterialCardView{id=-1, visibility=VISIBLE, width=496, height=910, has-focus=false, has-focusable=false, has-window-focus=true, is-clickable=false, is-enabled=true, is-focused=false, is-focusable=false, is-layout-requested=false, is-selected=false, layout-params=androidx.recyclerview.widget.GridLayoutManager$LayoutParams&#64;129f7b0, tag=null, root-is-layout-requested=false, has-input-connection=false, x=22.0, y=1930.0, is-checked=false, child-count=1}
|
+--------&gt;ConstraintLayout{id=-1, visibility=VISIBLE, width=496, height=910, has-focus=false, has-focusable=false, has-window-focus=true, is-clickable=false, is-enabled=true, is-focused=false, is-focusable=false, is-layout-requested=false, is-selected=false, layout-params=android.widget.FrameLayout$LayoutParams&#64;8041be5, tag=null, root-is-layout-requested=false, has-input-connection=false, x=0.0, y=0.0, child-count=4}
|
+---------&gt;AppCompatImageView{id=2131230952, res-name=image_view, visibility=VISIBLE, width=496, height=534, has-focus=false, has-focusable=false, has-window-focus=true, is-clickable=false, is-enabled=true, is-focused=false, is-focusable=false, is-layout-requested=false, is-selected=false, layout-params=androidx.constraintlayout.widget.ConstraintLayout$LayoutParams&#64;25dd6ba, tag=null, root-is-layout-requested=false, has-input-connection=false, x=0.0, y=0.0}
|
+---------&gt;MaterialTextView{id=2131231194, res-name=tv_name, visibility=VISIBLE, width=120, height=74, has-focus=false, has-focusable=false, has-window-focus=true, is-clickable=false, is-enabled=true, is-focused=false, is-focusable=false, is-layout-requested=false, is-selected=false, layout-params=androidx.constraintlayout.widget.ConstraintLayout$LayoutParams&#64;73d496b, tag=null, root-is-layout-requested=false, has-input-connection=false, x=22.0, y=556.0, text=Oreo, input-type=0, ime-target=false, has-links=false}
|
+---------&gt;MaterialTextView{id=2131231192, res-name=tv_age, visibility=VISIBLE, width=133, height=59, has-focus=false, has-focusable=false, has-window-focus=true, is-clickable=false, is-enabled=true, is-focused=false, is-focusable=false, is-layout-requested=false, is-selected=false, layout-params=androidx.constraintlayout.widget.ConstraintLayout$LayoutParams&#64;5390cc8, tag=null, root-is-layout-requested=false, has-input-connection=false, x=22.0, y=674.0, text=Age: 1, input-type=0, ime-target=false, has-links=false}
|
+---------&gt;MaterialTextView{id=2131231193, res-name=tv_hobbies, visibility=VISIBLE, width=452, height=111, has-focus=false, has-focusable=false, has-window-focus=true, is-clickable=false, is-enabled=true, is-focused=false, is-focusable=false, is-layout-requested=false, is-selected=false, layout-params=androidx.constraintlayout.widget.ConstraintLayout$LayoutParams&#64;5df9161, tag=null, root-is-layout-requested=false, has-input-connection=false, x=22.0, y=777.0, text=Hobbies: Playing tennis, input-type=0, ime-target=false, has-links=false}
|
+-------&gt;MaterialCardView{id=-1, visibility=VISIBLE, width=496, height=910, has-focus=false, has-focusable=false, has-window-focus=true, is-clickable=false, is-enabled=true, is-focused=false, is-focusable=false, is-layout-requested=false, is-selected=false, layout-params=androidx.recyclerview.widget.GridLayoutManager$LayoutParams&#64;b651147, tag=null, root-is-layout-requested=false, has-input-connection=false, x=562.0, y=1930.0, is-checked=false, child-count=1}
|
+--------&gt;ConstraintLayout{id=-1, visibility=VISIBLE, width=496, height=858, has-focus=false, has-focusable=false, has-window-focus=true, is-clickable=false, is-enabled=true, is-focused=false, is-focusable=false, is-layout-requested=false, is-selected=false, layout-params=android.widget.FrameLayout$LayoutParams&#64;c42ace0, tag=null, root-is-layout-requested=false, has-input-connection=false, x=0.0, y=0.0, child-count=4}
|
+---------&gt;AppCompatImageView{id=2131230952, res-name=image_view, visibility=VISIBLE, width=496, height=534, has-focus=false, has-focusable=false, has-window-focus=true, is-clickable=false, is-enabled=true, is-focused=false, is-focusable=false, is-layout-requested=false, is-selected=false, layout-params=androidx.constraintlayout.widget.ConstraintLayout$LayoutParams&#64;e500b99, tag=null, root-is-layout-requested=false, has-input-connection=false, x=0.0, y=0.0}
|
+---------&gt;MaterialTextView{id=2131231194, res-name=tv_name, visibility=VISIBLE, width=129, height=74, has-focus=false, has-focusable=false, has-window-focus=true, is-clickable=false, is-enabled=true, is-focused=false, is-focusable=false, is-layout-requested=false, is-selected=false, layout-params=androidx.constraintlayout.widget.ConstraintLayout$LayoutParams&#64;cf3be5e, tag=null, root-is-layout-requested=false, has-input-connection=false, x=22.0, y=556.0, text=Rollo, input-type=0, ime-target=false, has-links=false}
|
+---------&gt;MaterialTextView{id=2131231192, res-name=tv_age, visibility=VISIBLE, width=133, height=59, has-focus=false, has-focusable=false, has-window-focus=true, is-clickable=false, is-enabled=true, is-focused=false, is-focusable=false, is-layout-requested=false, is-selected=false, layout-params=androidx.constraintlayout.widget.ConstraintLayout$LayoutParams&#64;27ce23f, tag=null, root-is-layout-requested=false, has-input-connection=false, x=22.0, y=674.0, text=Age: 4, input-type=0, ime-target=false, has-links=false}
|
+---------&gt;MaterialTextView{id=2131231193, res-name=tv_hobbies, visibility=VISIBLE, width=452, height=59, has-focus=false, has-focusable=false, has-window-focus=true, is-clickable=false, is-enabled=true, is-focused=false, is-focusable=false, is-layout-requested=false, is-selected=false, layout-params=androidx.constraintlayout.widget.ConstraintLayout$LayoutParams&#64;7d5b70c, tag=null, root-is-layout-requested=false, has-input-connection=false, x=22.0, y=777.0, text=Hobbies: Reading, input-type=0, ime-target=false, has-links=false}
|
+----&gt;ActionBarContainer{id=2131230774, res-name=action_bar_container, visibility=VISIBLE, width=1080, height=154, has-focus=false, has-focusable=false, has-window-focus=true, is-clickable=false, is-enabled=true, is-focused=false, is-focusable=false, is-layout-requested=false, is-selected=false, layout-params=androidx.appcompat.widget.ActionBarOverlayLayout$LayoutParams&#64;467635b, tag=null, root-is-layout-requested=false, has-input-connection=false, x=0.0, y=0.0, child-count=2}
|
+-----&gt;Toolbar{id=2131230772, res-name=action_bar, visibility=VISIBLE, width=1080, height=154, has-focus=false, has-focusable=false, has-window-focus=true, is-clickable=false, is-enabled=true, is-focused=false, is-focusable=false, is-layout-requested=false, is-selected=false, layout-params=android.widget.FrameLayout$LayoutParams&#64;9aeda37, tag=null, root-is-layout-requested=false, has-input-connection=false, x=0.0, y=0.0, child-count=3}
|
+------&gt;AppCompatTextView{id=-1, visibility=VISIBLE, width=225, height=74, has-focus=false, has-focusable=false, has-window-focus=true, is-clickable=false, is-enabled=true, is-focused=false, is-focusable=false, is-layout-requested=false, is-selected=false, layout-params=androidx.appcompat.widget.Toolbar$LayoutParams&#64;379dba4, tag=null, root-is-layout-requested=false, has-input-connection=false, x=198.0, y=40.0, text=Dogglers, input-type=0, ime-target=false, has-links=false}
|
+------&gt;AppCompatImageButton{id=-1, desc=Navigate up, visibility=VISIBLE, width=154, height=154, has-focus=false, has-focusable=false, has-window-focus=true, is-clickable=true, is-enabled=true, is-focused=false, is-focusable=true, is-layout-requested=false, is-selected=false, layout-params=androidx.appcompat.widget.Toolbar$LayoutParams&#64;a6ad0d, tag=null, root-is-layout-requested=false, has-input-connection=false, x=0.0, y=0.0}
|
+------&gt;ActionMenuView{id=-1, visibility=VISIBLE, width=0, height=154, has-focus=false, has-focusable=false, has-window-focus=true, is-clickable=false, is-enabled=true, is-focused=false, is-focusable=false, is-layout-requested=false, is-selected=false, layout-params=androidx.appcompat.widget.Toolbar$LayoutParams&#64;4bfd4c2, tag=null, root-is-layout-requested=false, has-input-connection=false, x=1080.0, y=0.0, child-count=0}
|
+-----&gt;ActionBarContextView{id=2131230780, res-name=action_context_bar, visibility=GONE, width=0, height=0, has-focus=false, has-focusable=false, has-window-focus=true, is-clickable=false, is-enabled=true, is-focused=false, is-focusable=false, is-layout-requested=true, is-selected=false, layout-params=android.widget.FrameLayout$LayoutParams&#64;88ce2d3, tag=null, root-is-layout-requested=false, has-input-connection=false, x=0.0, y=0.0, child-count=0}
|
+-&gt;View{id=16908336, res-name=navigationBarBackground, visibility=VISIBLE, width=1080, height=132, has-focus=false, has-focusable=false, has-window-focus=true, is-clickable=false, is-enabled=true, is-focused=false, is-focusable=false, is-layout-requested=false, is-selected=false, layout-params=android.widget.FrameLayout$LayoutParams&#64;34b0e10, tag=null, root-is-layout-requested=false, has-input-connection=false, x=0.0, y=2208.0}
|
+-&gt;View{id=16908335, res-name=statusBarBackground, visibility=VISIBLE, width=1080, height=145, has-focus=false, has-focusable=false, has-window-focus=true, is-clickable=false, is-enabled=true, is-focused=false, is-focusable=false, is-layout-requested=false, is-selected=false, layout-params=android.widget.FrameLayout$LayoutParams&#64;59e0d09, tag=null, root-is-layout-requested=false, has-input-connection=false, x=0.0, y=0.0}
at dalvik.system.VMStack.getThreadStackTrace(Native Method)
at java.lang.Thread.getStackTrace(Thread.java:1724)
at androidx.test.espresso.base.DefaultFailureHandler.getUserFriendlyError(DefaultFailureHandler.java:12)
at androidx.test.espresso.base.DefaultFailureHandler.handle(DefaultFailureHandler.java:7)
at androidx.test.espresso.ViewInteraction.waitForAndHandleInteractionResults(ViewInteraction.java:8)
at androidx.test.espresso.ViewInteraction.check(ViewInteraction.java:12)
at com.example.dogglers.GridListTests.grid_list_content_on_first_page(GridListTests.kt:47)</failure>
  </testcase>
  <testcase name="vertical_scrolling" classname="com.example.dogglers.GridListTests" time="1.623">
    <failure>androidx.test.espresso.NoMatchingViewException: No views in hierarchy found matching: an instance of android.widget.TextView and view.getText() with or without transformation to match: is "Bella"

View Hierarchy:
+&gt;DecorView{id=-1, visibility=VISIBLE, width=1080, height=2340, has-focus=false, has-focusable=true, has-window-focus=true, is-clickable=false, is-enabled=true, is-focused=false, is-focusable=false, is-layout-requested=false, is-selected=false, layout-params={(0,0)(fillxfill) ty=BASE_APPLICATION wanim=0x10302fe
fl=LAYOUT_IN_SCREEN LAYOUT_INSET_DECOR SPLIT_TOUCH HARDWARE_ACCELERATED DRAWS_SYSTEM_BAR_BACKGROUNDS
pfl=NO_MOVE_ANIMATION FORCE_DRAW_STATUS_BAR_BACKGROUND FIT_INSETS_CONTROLLED
bhv=DEFAULT
fitSides=}, tag=null, root-is-layout-requested=false, has-input-connection=false, x=0.0, y=0.0, child-count=3}
|
+-&gt;LinearLayout{id=-1, visibility=VISIBLE, width=1080, height=2208, has-focus=false, has-focusable=true, has-window-focus=true, is-clickable=false, is-enabled=true, is-focused=false, is-focusable=false, is-layout-requested=false, is-selected=false, layout-params=android.widget.FrameLayout$LayoutParams&#64;76116aa, tag=null, root-is-layout-requested=false, has-input-connection=false, x=0.0, y=0.0, child-count=2}
|
+--&gt;ViewStub{id=16908720, res-name=action_mode_bar_stub, visibility=GONE, width=0, height=0, has-focus=false, has-focusable=false, has-window-focus=true, is-clickable=false, is-enabled=true, is-focused=false, is-focusable=false, is-layout-requested=true, is-selected=false, layout-params=android.widget.LinearLayout$LayoutParams&#64;abaa29b, tag=null, root-is-layout-requested=false, has-input-connection=false, x=0.0, y=0.0}
|
+--&gt;FrameLayout{id=-1, visibility=VISIBLE, width=1080, height=2063, has-focus=false, has-focusable=true, has-window-focus=true, is-clickable=false, is-enabled=true, is-focused=false, is-focusable=false, is-layout-requested=false, is-selected=false, layout-params=android.widget.LinearLayout$LayoutParams&#64;c500611, tag=null, root-is-layout-requested=false, has-input-connection=false, x=0.0, y=145.0, child-count=1}
|
+---&gt;ActionBarOverlayLayout{id=2131230866, res-name=decor_content_parent, visibility=VISIBLE, width=1080, height=2063, has-focus=false, has-focusable=true, has-window-focus=true, is-clickable=false, is-enabled=true, is-focused=false, is-focusable=false, is-layout-requested=false, is-selected=false, layout-params=android.widget.FrameLayout$LayoutParams&#64;659ede4, tag=null, root-is-layout-requested=false, has-input-connection=false, x=0.0, y=0.0, child-count=2}
|
+----&gt;ContentFrameLayout{id=16908290, res-name=content, visibility=VISIBLE, width=1080, height=1909, has-focus=false, has-focusable=true, has-window-focus=true, is-clickable=false, is-enabled=true, is-focused=false, is-focusable=false, is-layout-requested=false, is-selected=false, layout-params=androidx.appcompat.widget.ActionBarOverlayLayout$LayoutParams&#64;a21d102, tag=null, root-is-layout-requested=false, has-input-connection=false, x=0.0, y=154.0, child-count=1}
|
+-----&gt;FrameLayout{id=-1, visibility=VISIBLE, width=1080, height=1909, has-focus=false, has-focusable=true, has-window-focus=true, is-clickable=false, is-enabled=true, is-focused=false, is-focusable=false, is-layout-requested=false, is-selected=false, layout-params=android.widget.FrameLayout$LayoutParams&#64;aba0450, tag=null, root-is-layout-requested=false, has-input-connection=false, x=0.0, y=0.0, child-count=1}
|
+------&gt;RecyclerView{id=2131230933, res-name=grid_recycler_view, visibility=VISIBLE, width=1080, height=1909, has-focus=false, has-focusable=true, has-window-focus=true, is-clickable=false, is-enabled=true, is-focused=false, is-focusable=true, is-layout-requested=false, is-selected=false, layout-params=android.widget.FrameLayout$LayoutParams&#64;d447e5a, tag=null, root-is-layout-requested=false, has-input-connection=false, x=0.0, y=0.0, child-count=5}
|
+-------&gt;MaterialCardView{id=-1, visibility=VISIBLE, width=496, height=910, has-focus=false, has-focusable=false, has-window-focus=true, is-clickable=false, is-enabled=true, is-focused=false, is-focusable=false, is-layout-requested=false, is-selected=false, layout-params=androidx.recyclerview.widget.GridLayoutManager$LayoutParams&#64;1ea0d68, tag=null, root-is-layout-requested=false, has-input-connection=false, x=22.0, y=-931.0, is-checked=false, child-count=1}
|
+--------&gt;ConstraintLayout{id=-1, visibility=VISIBLE, width=496, height=910, has-focus=false, has-focusable=false, has-window-focus=true, is-clickable=false, is-enabled=true, is-focused=false, is-focusable=false, is-layout-requested=false, is-selected=false, layout-params=android.widget.FrameLayout$LayoutParams&#64;c9d08bd, tag=null, root-is-layout-requested=false, has-input-connection=false, x=0.0, y=0.0, child-count=4}
|
+---------&gt;AppCompatImageView{id=2131230952, res-name=image_view, visibility=VISIBLE, width=496, height=534, has-focus=false, has-focusable=false, has-window-focus=true, is-clickable=false, is-enabled=true, is-focused=false, is-focusable=false, is-layout-requested=false, is-selected=false, layout-params=androidx.constraintlayout.widget.ConstraintLayout$LayoutParams&#64;6b47eb2, tag=null, root-is-layout-requested=false, has-input-connection=false, x=0.0, y=0.0}
|
+---------&gt;MaterialTextView{id=2131231194, res-name=tv_name, visibility=VISIBLE, width=139, height=74, has-focus=false, has-focusable=false, has-window-focus=true, is-clickable=false, is-enabled=true, is-focused=false, is-focusable=false, is-layout-requested=false, is-selected=false, layout-params=androidx.constraintlayout.widget.ConstraintLayout$LayoutParams&#64;9205e03, tag=null, root-is-layout-requested=false, has-input-connection=false, x=22.0, y=556.0, text=Snow, input-type=0, ime-target=false, has-links=false}
|
+---------&gt;MaterialTextView{id=2131231192, res-name=tv_age, visibility=VISIBLE, width=133, height=59, has-focus=false, has-focusable=false, has-window-focus=true, is-clickable=false, is-enabled=true, is-focused=false, is-focusable=false, is-layout-requested=false, is-selected=false, layout-params=androidx.constraintlayout.widget.ConstraintLayout$LayoutParams&#64;8bf2180, tag=null, root-is-layout-requested=false, has-input-connection=false, x=22.0, y=674.0, text=Age: 2, input-type=0, ime-target=false, has-links=false}
|
+---------&gt;MaterialTextView{id=2131231193, res-name=tv_hobbies, visibility=VISIBLE, width=452, height=111, has-focus=false, has-focusable=false, has-window-focus=true, is-clickable=false, is-enabled=true, is-focused=false, is-focusable=false, is-layout-requested=false, is-selected=false, layout-params=androidx.constraintlayout.widget.ConstraintLayout$LayoutParams&#64;e9673b9, tag=null, root-is-layout-requested=false, has-input-connection=false, x=22.0, y=777.0, text=Hobbies: Playing in the snow, input-type=0, ime-target=false, has-links=false}
|
+-------&gt;MaterialCardView{id=-1, visibility=VISIBLE, width=496, height=910, has-focus=false, has-focusable=false, has-window-focus=true, is-clickable=false, is-enabled=true, is-focused=false, is-focusable=false, is-layout-requested=false, is-selected=false, layout-params=androidx.recyclerview.widget.GridLayoutManager$LayoutParams&#64;e40d75f, tag=null, root-is-layout-requested=false, has-input-connection=false, x=562.0, y=-931.0, is-checked=false, child-count=1}
|
+--------&gt;ConstraintLayout{id=-1, visibility=VISIBLE, width=496, height=858, has-focus=false, has-focusable=false, has-window-focus=true, is-clickable=false, is-enabled=true, is-focused=false, is-focusable=false, is-layout-requested=false, is-selected=false, layout-params=android.widget.FrameLayout$LayoutParams&#64;76fa098, tag=null, root-is-layout-requested=false, has-input-connection=false, x=0.0, y=0.0, child-count=4}
|
+---------&gt;AppCompatImageView{id=2131230952, res-name=image_view, visibility=VISIBLE, width=496, height=534, has-focus=false, has-focusable=false, has-window-focus=true, is-clickable=false, is-enabled=true, is-focused=false, is-focusable=false, is-layout-requested=false, is-selected=false, layout-params=androidx.constraintlayout.widget.ConstraintLayout$LayoutParams&#64;b05e0f1, tag=null, root-is-layout-requested=false, has-input-connection=false, x=0.0, y=0.0}
|
+---------&gt;MaterialTextView{id=2131231194, res-name=tv_name, visibility=VISIBLE, width=122, height=74, has-focus=false, has-focusable=false, has-window-focus=true, is-clickable=false, is-enabled=true, is-focused=false, is-focusable=false, is-layout-requested=false, is-selected=false, layout-params=androidx.constraintlayout.widget.ConstraintLayout$LayoutParams&#64;77064d6, tag=null, root-is-layout-requested=false, has-input-connection=false, x=22.0, y=556.0, text=Jake, input-type=0, ime-target=false, has-links=false}
|
+---------&gt;MaterialTextView{id=2131231192, res-name=tv_age, visibility=VISIBLE, width=133, height=59, has-focus=false, has-focusable=false, has-window-focus=true, is-clickable=false, is-enabled=true, is-focused=false, is-focusable=false, is-layout-requested=false, is-selected=false, layout-params=androidx.constraintlayout.widget.ConstraintLayout$LayoutParams&#64;d185357, tag=null, root-is-layout-requested=false, has-input-connection=false, x=22.0, y=674.0, text=Age: 1, input-type=0, ime-target=false, has-links=false}
|
+---------&gt;MaterialTextView{id=2131231193, res-name=tv_hobbies, visibility=VISIBLE, width=452, height=59, has-focus=false, has-focusable=false, has-window-focus=true, is-clickable=false, is-enabled=true, is-focused=false, is-focusable=false, is-layout-requested=false, is-selected=false, layout-params=androidx.constraintlayout.widget.ConstraintLayout$LayoutParams&#64;90a2e44, tag=null, root-is-layout-requested=false, has-input-connection=false, x=22.0, y=777.0, text=Hobbies: Surfing, input-type=0, ime-target=false, has-links=false}
|
+-------&gt;MaterialCardView{id=-1, visibility=VISIBLE, width=496, height=910, has-focus=false, has-focusable=false, has-window-focus=true, is-clickable=false, is-enabled=true, is-focused=false, is-focusable=false, is-layout-requested=false, is-selected=false, layout-params=androidx.recyclerview.widget.GridLayoutManager$LayoutParams&#64;7e5f862, tag=null, root-is-layout-requested=false, has-input-connection=false, x=22.0, y=23.0, is-checked=false, child-count=1}
|
+--------&gt;ConstraintLayout{id=-1, visibility=VISIBLE, width=496, height=910, has-focus=false, has-focusable=false, has-window-focus=true, is-clickable=false, is-enabled=true, is-focused=false, is-focusable=false, is-layout-requested=false, is-selected=false, layout-params=android.widget.FrameLayout$LayoutParams&#64;8f4564f, tag=null, root-is-layout-requested=false, has-input-connection=false, x=0.0, y=0.0, child-count=4}
|
+---------&gt;AppCompatImageView{id=2131230952, res-name=image_view, visibility=VISIBLE, width=496, height=534, has-focus=false, has-focusable=false, has-window-focus=true, is-clickable=false, is-enabled=true, is-focused=false, is-focusable=false, is-layout-requested=false, is-selected=false, layout-params=androidx.constraintlayout.widget.ConstraintLayout$LayoutParams&#64;26f01dc, tag=null, root-is-layout-requested=false, has-input-connection=false, x=0.0, y=0.0}
|
+---------&gt;MaterialTextView{id=2131231194, res-name=tv_name, visibility=VISIBLE, width=120, height=74, has-focus=false, has-focusable=false, has-window-focus=true, is-clickable=false, is-enabled=true, is-focused=false, is-focusable=false, is-layout-requested=false, is-selected=false, layout-params=androidx.constraintlayout.widget.ConstraintLayout$LayoutParams&#64;7fd02e5, tag=null, root-is-layout-requested=false, has-input-connection=false, x=22.0, y=556.0, text=Oreo, input-type=0, ime-target=false, has-links=false}
|
+---------&gt;MaterialTextView{id=2131231192, res-name=tv_age, visibility=VISIBLE, width=133, height=59, has-focus=false, has-focusable=false, has-window-focus=true, is-clickable=false, is-enabled=true, is-focused=false, is-focusable=false, is-layout-requested=false, is-selected=false, layout-params=androidx.constraintlayout.widget.ConstraintLayout$LayoutParams&#64;fba31ba, tag=null, root-is-layout-requested=false, has-input-connection=false, x=22.0, y=674.0, text=Age: 1, input-type=0, ime-target=false, has-links=false}
|
+---------&gt;MaterialTextView{id=2131231193, res-name=tv_hobbies, visibility=VISIBLE, width=452, height=111, has-focus=false, has-focusable=false, has-window-focus=true, is-clickable=false, is-enabled=true, is-focused=false, is-focusable=false, is-layout-requested=false, is-selected=false, layout-params=androidx.constraintlayout.widget.ConstraintLayout$LayoutParams&#64;d4a086b, tag=null, root-is-layout-requested=false, has-input-connection=false, x=22.0, y=777.0, text=Hobbies: Playing tennis, input-type=0, ime-target=false, has-links=false}
|
+-------&gt;MaterialCardView{id=-1, visibility=VISIBLE, width=496, height=910, has-focus=false, has-focusable=false, has-window-focus=true, is-clickable=false, is-enabled=true, is-focused=false, is-focusable=false, is-layout-requested=false, is-selected=false, layout-params=androidx.recyclerview.widget.GridLayoutManager$LayoutParams&#64;9ffe861, tag=null, root-is-layout-requested=false, has-input-connection=false, x=562.0, y=23.0, is-checked=false, child-count=1}
|
+--------&gt;ConstraintLayout{id=-1, visibility=VISIBLE, width=496, height=858, has-focus=false, has-focusable=false, has-window-focus=true, is-clickable=false, is-enabled=true, is-focused=false, is-focusable=false, is-layout-requested=false, is-selected=false, layout-params=android.widget.FrameLayout$LayoutParams&#64;9013e12, tag=null, root-is-layout-requested=false, has-input-connection=false, x=0.0, y=0.0, child-count=4}
|
+---------&gt;AppCompatImageView{id=2131230952, res-name=image_view, visibility=VISIBLE, width=496, height=534, has-focus=false, has-focusable=false, has-window-focus=true, is-clickable=false, is-enabled=true, is-focused=false, is-focusable=false, is-layout-requested=false, is-selected=false, layout-params=androidx.constraintlayout.widget.ConstraintLayout$LayoutParams&#64;a5d19e3, tag=null, root-is-layout-requested=false, has-input-connection=false, x=0.0, y=0.0}
|
+---------&gt;MaterialTextView{id=2131231194, res-name=tv_name, visibility=VISIBLE, width=129, height=74, has-focus=false, has-focusable=false, has-window-focus=true, is-clickable=false, is-enabled=true, is-focused=false, is-focusable=false, is-layout-requested=false, is-selected=false, layout-params=androidx.constraintlayout.widget.ConstraintLayout$LayoutParams&#64;195fe0, tag=null, root-is-layout-requested=false, has-input-connection=false, x=22.0, y=556.0, text=Rollo, input-type=0, ime-target=false, has-links=false}
|
+---------&gt;MaterialTextView{id=2131231192, res-name=tv_age, visibility=VISIBLE, width=133, height=59, has-focus=false, has-focusable=false, has-window-focus=true, is-clickable=false, is-enabled=true, is-focused=false, is-focusable=false, is-layout-requested=false, is-selected=false, layout-params=androidx.constraintlayout.widget.ConstraintLayout$LayoutParams&#64;d444299, tag=null, root-is-layout-requested=false, has-input-connection=false, x=22.0, y=674.0, text=Age: 4, input-type=0, ime-target=false, has-links=false}
|
+---------&gt;MaterialTextView{id=2131231193, res-name=tv_hobbies, visibility=VISIBLE, width=452, height=59, has-focus=false, has-focusable=false, has-window-focus=true, is-clickable=false, is-enabled=true, is-focused=false, is-focusable=false, is-layout-requested=false, is-selected=false, layout-params=androidx.constraintlayout.widget.ConstraintLayout$LayoutParams&#64;db1295e, tag=null, root-is-layout-requested=false, has-input-connection=false, x=22.0, y=777.0, text=Hobbies: Reading, input-type=0, ime-target=false, has-links=false}
|
+-------&gt;MaterialCardView{id=-1, visibility=VISIBLE, width=496, height=910, has-focus=false, has-focusable=false, has-window-focus=true, is-clickable=false, is-enabled=true, is-focused=false, is-focusable=false, is-layout-requested=false, is-selected=false, layout-params=androidx.recyclerview.widget.GridLayoutManager$LayoutParams&#64;de49a0c, tag=null, root-is-layout-requested=false, has-input-connection=false, x=22.0, y=977.0, is-checked=false, child-count=1}
|
+--------&gt;ConstraintLayout{id=-1, visibility=VISIBLE, width=496, height=910, has-focus=false, has-focusable=false, has-window-focus=true, is-clickable=false, is-enabled=true, is-focused=false, is-focusable=false, is-layout-requested=false, is-selected=false, layout-params=android.widget.FrameLayout$LayoutParams&#64;e02abd1, tag=null, root-is-layout-requested=false, has-input-connection=false, x=0.0, y=0.0, child-count=4}
|
+---------&gt;AppCompatImageView{id=2131230952, res-name=image_view, visibility=VISIBLE, width=496, height=534, has-focus=false, has-focusable=false, has-window-focus=true, is-clickable=false, is-enabled=true, is-focused=false, is-focusable=false, is-layout-requested=false, is-selected=false, layout-params=androidx.constraintlayout.widget.ConstraintLayout$LayoutParams&#64;c230636, tag=null, root-is-layout-requested=false, has-input-connection=false, x=0.0, y=0.0}
|
+---------&gt;MaterialTextView{id=2131231194, res-name=tv_name, visibility=VISIBLE, width=158, height=74, has-focus=false, has-focusable=false, has-window-focus=true, is-clickable=false, is-enabled=true, is-focused=false, is-focusable=false, is-layout-requested=false, is-selected=false, layout-params=androidx.constraintlayout.widget.ConstraintLayout$LayoutParams&#64;a924937, tag=null, root-is-layout-requested=false, has-input-connection=false, x=22.0, y=556.0, text=Chase, input-type=0, ime-target=false, has-links=false}
|
+---------&gt;MaterialTextView{id=2131231192, res-name=tv_age, visibility=VISIBLE, width=133, height=59, has-focus=false, has-focusable=false, has-window-focus=true, is-clickable=false, is-enabled=true, is-focused=false, is-focusable=false, is-layout-requested=false, is-selected=false, layout-params=androidx.constraintlayout.widget.ConstraintLayout$LayoutParams&#64;a221ea4, tag=null, root-is-layout-requested=false, has-input-connection=false, x=22.0, y=674.0, text=Age: 3, input-type=0, ime-target=false, has-links=false}
|
+---------&gt;MaterialTextView{id=2131231193, res-name=tv_hobbies, visibility=VISIBLE, width=452, height=111, has-focus=false, has-focusable=false, has-window-focus=true, is-clickable=false, is-enabled=true, is-focused=false, is-focusable=false, is-layout-requested=false, is-selected=false, layout-params=androidx.constraintlayout.widget.ConstraintLayout$LayoutParams&#64;cb5340d, tag=null, root-is-layout-requested=false, has-input-connection=false, x=22.0, y=777.0, text=Hobbies: Playing frisbee, input-type=0, ime-target=false, has-links=false}
|
+----&gt;ActionBarContainer{id=2131230774, res-name=action_bar_container, visibility=VISIBLE, width=1080, height=154, has-focus=false, has-focusable=false, has-window-focus=true, is-clickable=false, is-enabled=true, is-focused=false, is-focusable=false, is-layout-requested=false, is-selected=false, layout-params=androidx.appcompat.widget.ActionBarOverlayLayout$LayoutParams&#64;fb48110, tag=null, root-is-layout-requested=false, has-input-connection=false, x=0.0, y=0.0, child-count=2}
|
+-----&gt;Toolbar{id=2131230772, res-name=action_bar, visibility=VISIBLE, width=1080, height=154, has-focus=false, has-focusable=false, has-window-focus=true, is-clickable=false, is-enabled=true, is-focused=false, is-focusable=false, is-layout-requested=false, is-selected=false, layout-params=android.widget.FrameLayout$LayoutParams&#64;3c89e3c, tag=null, root-is-layout-requested=false, has-input-connection=false, x=0.0, y=0.0, child-count=3}
|
+------&gt;AppCompatTextView{id=-1, visibility=VISIBLE, width=225, height=74, has-focus=false, has-focusable=false, has-window-focus=true, is-clickable=false, is-enabled=true, is-focused=false, is-focusable=false, is-layout-requested=false, is-selected=false, layout-params=androidx.appcompat.widget.Toolbar$LayoutParams&#64;b09d7c5, tag=null, root-is-layout-requested=false, has-input-connection=false, x=198.0, y=40.0, text=Dogglers, input-type=0, ime-target=false, has-links=false}
|
+------&gt;AppCompatImageButton{id=-1, desc=Navigate up, visibility=VISIBLE, width=154, height=154, has-focus=false, has-focusable=false, has-window-focus=true, is-clickable=true, is-enabled=true, is-focused=false, is-focusable=true, is-layout-requested=false, is-selected=false, layout-params=androidx.appcompat.widget.Toolbar$LayoutParams&#64;a4d151a, tag=null, root-is-layout-requested=false, has-input-connection=false, x=0.0, y=0.0}
|
+------&gt;ActionMenuView{id=-1, visibility=VISIBLE, width=0, height=154, has-focus=false, has-focusable=false, has-window-focus=true, is-clickable=false, is-enabled=true, is-focused=false, is-focusable=false, is-layout-requested=false, is-selected=false, layout-params=androidx.appcompat.widget.Toolbar$LayoutParams&#64;b5c184b, tag=null, root-is-layout-requested=false, has-input-connection=false, x=1080.0, y=0.0, child-count=0}
|
+-----&gt;ActionBarContextView{id=2131230780, res-name=action_context_bar, visibility=GONE, width=0, height=0, has-focus=false, has-focusable=false, has-window-focus=true, is-clickable=false, is-enabled=true, is-focused=false, is-focusable=false, is-layout-requested=true, is-selected=false, layout-params=android.widget.FrameLayout$LayoutParams&#64;a9f6228, tag=null, root-is-layout-requested=false, has-input-connection=false, x=0.0, y=0.0, child-count=0}
|
+-&gt;View{id=16908336, res-name=navigationBarBackground, visibility=VISIBLE, width=1080, height=132, has-focus=false, has-focusable=false, has-window-focus=true, is-clickable=false, is-enabled=true, is-focused=false, is-focusable=false, is-layout-requested=false, is-selected=false, layout-params=android.widget.FrameLayout$LayoutParams&#64;8b52b41, tag=null, root-is-layout-requested=false, has-input-connection=false, x=0.0, y=2208.0}
|
+-&gt;View{id=16908335, res-name=statusBarBackground, visibility=VISIBLE, width=1080, height=145, has-focus=false, has-focusable=false, has-window-focus=true, is-clickable=false, is-enabled=true, is-focused=false, is-focusable=false, is-layout-requested=false, is-selected=false, layout-params=android.widget.FrameLayout$LayoutParams&#64;d9768e6, tag=null, root-is-layout-requested=false, has-input-connection=false, x=0.0, y=0.0}
at dalvik.system.VMStack.getThreadStackTrace(Native Method)
at java.lang.Thread.getStackTrace(Thread.java:1724)
at androidx.test.espresso.base.DefaultFailureHandler.getUserFriendlyError(DefaultFailureHandler.java:12)
at androidx.test.espresso.base.DefaultFailureHandler.handle(DefaultFailureHandler.java:7)
at androidx.test.espresso.ViewInteraction.waitForAndHandleInteractionResults(ViewInteraction.java:8)
at androidx.test.espresso.ViewInteraction.check(ViewInteraction.java:12)
at com.example.dogglers.GridListTests.vertical_scrolling(GridListTests.kt:61)</failure>
  </testcase>
  <testcase name="grid_list_content_at_last_position" classname="com.example.dogglers.GridListTests" time="0.946">
    <failure>androidx.test.espresso.NoMatchingViewException: No views in hierarchy found matching: an instance of android.widget.TextView and view.getText() with or without transformation to match: is "Bella"

View Hierarchy:
+&gt;DecorView{id=-1, visibility=VISIBLE, width=1080, height=2340, has-focus=false, has-focusable=true, has-window-focus=true, is-clickable=false, is-enabled=true, is-focused=false, is-focusable=false, is-layout-requested=false, is-selected=false, layout-params={(0,0)(fillxfill) ty=BASE_APPLICATION wanim=0x10302fe
fl=LAYOUT_IN_SCREEN LAYOUT_INSET_DECOR SPLIT_TOUCH HARDWARE_ACCELERATED DRAWS_SYSTEM_BAR_BACKGROUNDS
pfl=NO_MOVE_ANIMATION FORCE_DRAW_STATUS_BAR_BACKGROUND FIT_INSETS_CONTROLLED
bhv=DEFAULT
fitSides=}, tag=null, root-is-layout-requested=false, has-input-connection=false, x=0.0, y=0.0, child-count=3}
|
+-&gt;LinearLayout{id=-1, visibility=VISIBLE, width=1080, height=2208, has-focus=false, has-focusable=true, has-window-focus=true, is-clickable=false, is-enabled=true, is-focused=false, is-focusable=false, is-layout-requested=false, is-selected=false, layout-params=android.widget.FrameLayout$LayoutParams&#64;fb12913, tag=null, root-is-layout-requested=false, has-input-connection=false, x=0.0, y=0.0, child-count=2}
|
+--&gt;ViewStub{id=16908720, res-name=action_mode_bar_stub, visibility=GONE, width=0, height=0, has-focus=false, has-focusable=false, has-window-focus=true, is-clickable=false, is-enabled=true, is-focused=false, is-focusable=false, is-layout-requested=true, is-selected=false, layout-params=android.widget.LinearLayout$LayoutParams&#64;a47750, tag=null, root-is-layout-requested=false, has-input-connection=false, x=0.0, y=0.0}
|
+--&gt;FrameLayout{id=-1, visibility=VISIBLE, width=1080, height=2063, has-focus=false, has-focusable=true, has-window-focus=true, is-clickable=false, is-enabled=true, is-focused=false, is-focusable=false, is-layout-requested=false, is-selected=false, layout-params=android.widget.LinearLayout$LayoutParams&#64;7b7264e, tag=null, root-is-layout-requested=false, has-input-connection=false, x=0.0, y=145.0, child-count=1}
|
+---&gt;ActionBarOverlayLayout{id=2131230866, res-name=decor_content_parent, visibility=VISIBLE, width=1080, height=2063, has-focus=false, has-focusable=true, has-window-focus=true, is-clickable=false, is-enabled=true, is-focused=false, is-focusable=false, is-layout-requested=false, is-selected=false, layout-params=android.widget.FrameLayout$LayoutParams&#64;fb98505, tag=null, root-is-layout-requested=false, has-input-connection=false, x=0.0, y=0.0, child-count=2}
|
+----&gt;ContentFrameLayout{id=16908290, res-name=content, visibility=VISIBLE, width=1080, height=1909, has-focus=false, has-focusable=true, has-window-focus=true, is-clickable=false, is-enabled=true, is-focused=false, is-focusable=false, is-layout-requested=false, is-selected=false, layout-params=androidx.appcompat.widget.ActionBarOverlayLayout$LayoutParams&#64;822a78b, tag=null, root-is-layout-requested=false, has-input-connection=false, x=0.0, y=154.0, child-count=1}
|
+-----&gt;FrameLayout{id=-1, visibility=VISIBLE, width=1080, height=1909, has-focus=false, has-focusable=true, has-window-focus=true, is-clickable=false, is-enabled=true, is-focused=false, is-focusable=false, is-layout-requested=false, is-selected=false, layout-params=android.widget.FrameLayout$LayoutParams&#64;ed26c81, tag=null, root-is-layout-requested=false, has-input-connection=false, x=0.0, y=0.0, child-count=1}
|
+------&gt;RecyclerView{id=2131230933, res-name=grid_recycler_view, visibility=VISIBLE, width=1080, height=1909, has-focus=false, has-focusable=true, has-window-focus=true, is-clickable=false, is-enabled=true, is-focused=false, is-focusable=true, is-layout-requested=false, is-selected=false, layout-params=android.widget.FrameLayout$LayoutParams&#64;1867d03, tag=null, root-is-layout-requested=false, has-input-connection=false, x=0.0, y=0.0, child-count=5}
|
+-------&gt;MaterialCardView{id=-1, visibility=VISIBLE, width=496, height=910, has-focus=false, has-focusable=false, has-window-focus=true, is-clickable=false, is-enabled=true, is-focused=false, is-focusable=false, is-layout-requested=false, is-selected=false, layout-params=androidx.recyclerview.widget.GridLayoutManager$LayoutParams&#64;d1f2ab9, tag=null, root-is-layout-requested=false, has-input-connection=false, x=22.0, y=-931.0, is-checked=false, child-count=1}
|
+--------&gt;ConstraintLayout{id=-1, visibility=VISIBLE, width=496, height=910, has-focus=false, has-focusable=false, has-window-focus=true, is-clickable=false, is-enabled=true, is-focused=false, is-focusable=false, is-layout-requested=false, is-selected=false, layout-params=android.widget.FrameLayout$LayoutParams&#64;374cd0a, tag=null, root-is-layout-requested=false, has-input-connection=false, x=0.0, y=0.0, child-count=4}
|
+---------&gt;AppCompatImageView{id=2131230952, res-name=image_view, visibility=VISIBLE, width=496, height=534, has-focus=false, has-focusable=false, has-window-focus=true, is-clickable=false, is-enabled=true, is-focused=false, is-focusable=false, is-layout-requested=false, is-selected=false, layout-params=androidx.constraintlayout.widget.ConstraintLayout$LayoutParams&#64;ef0897b, tag=null, root-is-layout-requested=false, has-input-connection=false, x=0.0, y=0.0}
|
+---------&gt;MaterialTextView{id=2131231194, res-name=tv_name, visibility=VISIBLE, width=139, height=74, has-focus=false, has-focusable=false, has-window-focus=true, is-clickable=false, is-enabled=true, is-focused=false, is-focusable=false, is-layout-requested=false, is-selected=false, layout-params=androidx.constraintlayout.widget.ConstraintLayout$LayoutParams&#64;6703398, tag=null, root-is-layout-requested=false, has-input-connection=false, x=22.0, y=556.0, text=Snow, input-type=0, ime-target=false, has-links=false}
|
+---------&gt;MaterialTextView{id=2131231192, res-name=tv_age, visibility=VISIBLE, width=133, height=59, has-focus=false, has-focusable=false, has-window-focus=true, is-clickable=false, is-enabled=true, is-focused=false, is-focusable=false, is-layout-requested=false, is-selected=false, layout-params=androidx.constraintlayout.widget.ConstraintLayout$LayoutParams&#64;d0e77f1, tag=null, root-is-layout-requested=false, has-input-connection=false, x=22.0, y=674.0, text=Age: 2, input-type=0, ime-target=false, has-links=false}
|
+---------&gt;MaterialTextView{id=2131231193, res-name=tv_hobbies, visibility=VISIBLE, width=452, height=111, has-focus=false, has-focusable=false, has-window-focus=true, is-clickable=false, is-enabled=true, is-focused=false, is-focusable=false, is-layout-requested=false, is-selected=false, layout-params=androidx.constraintlayout.widget.ConstraintLayout$LayoutParams&#64;d1aafd6, tag=null, root-is-layout-requested=false, has-input-connection=false, x=22.0, y=777.0, text=Hobbies: Playing in the snow, input-type=0, ime-target=false, has-links=false}
|
+-------&gt;MaterialCardView{id=-1, visibility=VISIBLE, width=496, height=910, has-focus=false, has-focusable=false, has-window-focus=true, is-clickable=false, is-enabled=true, is-focused=false, is-focusable=false, is-layout-requested=false, is-selected=false, layout-params=androidx.recyclerview.widget.GridLayoutManager$LayoutParams&#64;300f144, tag=null, root-is-layout-requested=false, has-input-connection=false, x=562.0, y=-931.0, is-checked=false, child-count=1}
|
+--------&gt;ConstraintLayout{id=-1, visibility=VISIBLE, width=496, height=858, has-focus=false, has-focusable=false, has-window-focus=true, is-clickable=false, is-enabled=true, is-focused=false, is-focusable=false, is-layout-requested=false, is-selected=false, layout-params=android.widget.FrameLayout$LayoutParams&#64;833429, tag=null, root-is-layout-requested=false, has-input-connection=false, x=0.0, y=0.0, child-count=4}
|
+---------&gt;AppCompatImageView{id=2131230952, res-name=image_view, visibility=VISIBLE, width=496, height=534, has-focus=false, has-focusable=false, has-window-focus=true, is-clickable=false, is-enabled=true, is-focused=false, is-focusable=false, is-layout-requested=false, is-selected=false, layout-params=androidx.constraintlayout.widget.ConstraintLayout$LayoutParams&#64;277e3ae, tag=null, root-is-layout-requested=false, has-input-connection=false, x=0.0, y=0.0}
|
+---------&gt;MaterialTextView{id=2131231194, res-name=tv_name, visibility=VISIBLE, width=122, height=74, has-focus=false, has-focusable=false, has-window-focus=true, is-clickable=false, is-enabled=true, is-focused=false, is-focusable=false, is-layout-requested=false, is-selected=false, layout-params=androidx.constraintlayout.widget.ConstraintLayout$LayoutParams&#64;aff254f, tag=null, root-is-layout-requested=false, has-input-connection=false, x=22.0, y=556.0, text=Jake, input-type=0, ime-target=false, has-links=false}
|
+---------&gt;MaterialTextView{id=2131231192, res-name=tv_age, visibility=VISIBLE, width=133, height=59, has-focus=false, has-focusable=false, has-window-focus=true, is-clickable=false, is-enabled=true, is-focused=false, is-focusable=false, is-layout-requested=false, is-selected=false, layout-params=androidx.constraintlayout.widget.ConstraintLayout$LayoutParams&#64;61b24dc, tag=null, root-is-layout-requested=false, has-input-connection=false, x=22.0, y=674.0, text=Age: 1, input-type=0, ime-target=false, has-links=false}
|
+---------&gt;MaterialTextView{id=2131231193, res-name=tv_hobbies, visibility=VISIBLE, width=452, height=59, has-focus=false, has-focusable=false, has-window-focus=true, is-clickable=false, is-enabled=true, is-focused=false, is-focusable=false, is-layout-requested=false, is-selected=false, layout-params=androidx.constraintlayout.widget.ConstraintLayout$LayoutParams&#64;cf1e9e5, tag=null, root-is-layout-requested=false, has-input-connection=false, x=22.0, y=777.0, text=Hobbies: Surfing, input-type=0, ime-target=false, has-links=false}
|
+-------&gt;MaterialCardView{id=-1, visibility=VISIBLE, width=496, height=910, has-focus=false, has-focusable=false, has-window-focus=true, is-clickable=false, is-enabled=true, is-focused=false, is-focusable=false, is-layout-requested=false, is-selected=false, layout-params=androidx.recyclerview.widget.GridLayoutManager$LayoutParams&#64;6b2c76b, tag=null, root-is-layout-requested=false, has-input-connection=false, x=22.0, y=23.0, is-checked=false, child-count=1}
|
+--------&gt;ConstraintLayout{id=-1, visibility=VISIBLE, width=496, height=910, has-focus=false, has-focusable=false, has-window-focus=true, is-clickable=false, is-enabled=true, is-focused=false, is-focusable=false, is-layout-requested=false, is-selected=false, layout-params=android.widget.FrameLayout$LayoutParams&#64;1a53374, tag=null, root-is-layout-requested=false, has-input-connection=false, x=0.0, y=0.0, child-count=4}
|
+---------&gt;AppCompatImageView{id=2131230952, res-name=image_view, visibility=VISIBLE, width=496, height=534, has-focus=false, has-focusable=false, has-window-focus=true, is-clickable=false, is-enabled=true, is-focused=false, is-focusable=false, is-layout-requested=false, is-selected=false, layout-params=androidx.constraintlayout.widget.ConstraintLayout$LayoutParams&#64;8bc709d, tag=null, root-is-layout-requested=false, has-input-connection=false, x=0.0, y=0.0}
|
+---------&gt;MaterialTextView{id=2131231194, res-name=tv_name, visibility=VISIBLE, width=120, height=74, has-focus=false, has-focusable=false, has-window-focus=true, is-clickable=false, is-enabled=true, is-focused=false, is-focusable=false, is-layout-requested=false, is-selected=false, layout-params=androidx.constraintlayout.widget.ConstraintLayout$LayoutParams&#64;8f9f912, tag=null, root-is-layout-requested=false, has-input-connection=false, x=22.0, y=556.0, text=Oreo, input-type=0, ime-target=false, has-links=false}
|
+---------&gt;MaterialTextView{id=2131231192, res-name=tv_age, visibility=VISIBLE, width=133, height=59, has-focus=false, has-focusable=false, has-window-focus=true, is-clickable=false, is-enabled=true, is-focused=false, is-focusable=false, is-layout-requested=false, is-selected=false, layout-params=androidx.constraintlayout.widget.ConstraintLayout$LayoutParams&#64;23eb8e3, tag=null, root-is-layout-requested=false, has-input-connection=false, x=22.0, y=674.0, text=Age: 1, input-type=0, ime-target=false, has-links=false}
|
+---------&gt;MaterialTextView{id=2131231193, res-name=tv_hobbies, visibility=VISIBLE, width=452, height=111, has-focus=false, has-focusable=false, has-window-focus=true, is-clickable=false, is-enabled=true, is-focused=false, is-focusable=false, is-layout-requested=false, is-selected=false, layout-params=androidx.constraintlayout.widget.ConstraintLayout$LayoutParams&#64;39c12e0, tag=null, root-is-layout-requested=false, has-input-connection=false, x=22.0, y=777.0, text=Hobbies: Playing tennis, input-type=0, ime-target=false, has-links=false}
|
+-------&gt;MaterialCardView{id=-1, visibility=VISIBLE, width=496, height=910, has-focus=false, has-focusable=false, has-window-focus=true, is-clickable=false, is-enabled=true, is-focused=false, is-focusable=false, is-layout-requested=false, is-selected=false, layout-params=androidx.recyclerview.widget.GridLayoutManager$LayoutParams&#64;3fa945e, tag=null, root-is-layout-requested=false, has-input-connection=false, x=562.0, y=23.0, is-checked=false, child-count=1}
|
+--------&gt;ConstraintLayout{id=-1, visibility=VISIBLE, width=496, height=858, has-focus=false, has-focusable=false, has-window-focus=true, is-clickable=false, is-enabled=true, is-focused=false, is-focusable=false, is-layout-requested=false, is-selected=false, layout-params=android.widget.FrameLayout$LayoutParams&#64;338615b, tag=null, root-is-layout-requested=false, has-input-connection=false, x=0.0, y=0.0, child-count=4}
|
+---------&gt;AppCompatImageView{id=2131230952, res-name=image_view, visibility=VISIBLE, width=496, height=534, has-focus=false, has-focusable=false, has-window-focus=true, is-clickable=false, is-enabled=true, is-focused=false, is-focusable=false, is-layout-requested=false, is-selected=false, layout-params=androidx.constraintlayout.widget.ConstraintLayout$LayoutParams&#64;40d5df8, tag=null, root-is-layout-requested=false, has-input-connection=false, x=0.0, y=0.0}
|
+---------&gt;MaterialTextView{id=2131231194, res-name=tv_name, visibility=VISIBLE, width=129, height=74, has-focus=false, has-focusable=false, has-window-focus=true, is-clickable=false, is-enabled=true, is-focused=false, is-focusable=false, is-layout-requested=false, is-selected=false, layout-params=androidx.constraintlayout.widget.ConstraintLayout$LayoutParams&#64;222c2d1, tag=null, root-is-layout-requested=false, has-input-connection=false, x=22.0, y=556.0, text=Rollo, input-type=0, ime-target=false, has-links=false}
|
+---------&gt;MaterialTextView{id=2131231192, res-name=tv_age, visibility=VISIBLE, width=133, height=59, has-focus=false, has-focusable=false, has-window-focus=true, is-clickable=false, is-enabled=true, is-focused=false, is-focusable=false, is-layout-requested=false, is-selected=false, layout-params=androidx.constraintlayout.widget.ConstraintLayout$LayoutParams&#64;eced136, tag=null, root-is-layout-requested=false, has-input-connection=false, x=22.0, y=674.0, text=Age: 4, input-type=0, ime-target=false, has-links=false}
|
+---------&gt;MaterialTextView{id=2131231193, res-name=tv_hobbies, visibility=VISIBLE, width=452, height=59, has-focus=false, has-focusable=false, has-window-focus=true, is-clickable=false, is-enabled=true, is-focused=false, is-focusable=false, is-layout-requested=false, is-selected=false, layout-params=androidx.constraintlayout.widget.ConstraintLayout$LayoutParams&#64;791b837, tag=null, root-is-layout-requested=false, has-input-connection=false, x=22.0, y=777.0, text=Hobbies: Reading, input-type=0, ime-target=false, has-links=false}
|
+-------&gt;MaterialCardView{id=-1, visibility=VISIBLE, width=496, height=910, has-focus=false, has-focusable=false, has-window-focus=true, is-clickable=false, is-enabled=true, is-focused=false, is-focusable=false, is-layout-requested=false, is-selected=false, layout-params=androidx.recyclerview.widget.GridLayoutManager$LayoutParams&#64;83fbb0d, tag=null, root-is-layout-requested=false, has-input-connection=false, x=22.0, y=977.0, is-checked=false, child-count=1}
|
+--------&gt;ConstraintLayout{id=-1, visibility=VISIBLE, width=496, height=910, has-focus=false, has-focusable=false, has-window-focus=true, is-clickable=false, is-enabled=true, is-focused=false, is-focusable=false, is-layout-requested=false, is-selected=false, layout-params=android.widget.FrameLayout$LayoutParams&#64;3a2d10e, tag=null, root-is-layout-requested=false, has-input-connection=false, x=0.0, y=0.0, child-count=4}
|
+---------&gt;AppCompatImageView{id=2131230952, res-name=image_view, visibility=VISIBLE, width=496, height=534, has-focus=false, has-focusable=false, has-window-focus=true, is-clickable=false, is-enabled=true, is-focused=false, is-focusable=false, is-layout-requested=false, is-selected=false, layout-params=androidx.constraintlayout.widget.ConstraintLayout$LayoutParams&#64;6d9772f, tag=null, root-is-layout-requested=false, has-input-connection=false, x=0.0, y=0.0}
|
+---------&gt;MaterialTextView{id=2131231194, res-name=tv_name, visibility=VISIBLE, width=158, height=74, has-focus=false, has-focusable=false, has-window-focus=true, is-clickable=false, is-enabled=true, is-focused=false, is-focusable=false, is-layout-requested=false, is-selected=false, layout-params=androidx.constraintlayout.widget.ConstraintLayout$LayoutParams&#64;a42413c, tag=null, root-is-layout-requested=false, has-input-connection=false, x=22.0, y=556.0, text=Chase, input-type=0, ime-target=false, has-links=false}
|
+---------&gt;MaterialTextView{id=2131231192, res-name=tv_age, visibility=VISIBLE, width=133, height=59, has-focus=false, has-focusable=false, has-window-focus=true, is-clickable=false, is-enabled=true, is-focused=false, is-focusable=false, is-layout-requested=false, is-selected=false, layout-params=androidx.constraintlayout.widget.ConstraintLayout$LayoutParams&#64;e7e3ec5, tag=null, root-is-layout-requested=false, has-input-connection=false, x=22.0, y=674.0, text=Age: 3, input-type=0, ime-target=false, has-links=false}
|
+---------&gt;MaterialTextView{id=2131231193, res-name=tv_hobbies, visibility=VISIBLE, width=452, height=111, has-focus=false, has-focusable=false, has-window-focus=true, is-clickable=false, is-enabled=true, is-focused=false, is-focusable=false, is-layout-requested=false, is-selected=false, layout-params=androidx.constraintlayout.widget.ConstraintLayout$LayoutParams&#64;43ef01a, tag=null, root-is-layout-requested=false, has-input-connection=false, x=22.0, y=777.0, text=Hobbies: Playing frisbee, input-type=0, ime-target=false, has-links=false}
|
+----&gt;ActionBarContainer{id=2131230774, res-name=action_bar_container, visibility=VISIBLE, width=1080, height=154, has-focus=false, has-focusable=false, has-window-focus=true, is-clickable=false, is-enabled=true, is-focused=false, is-focusable=false, is-layout-requested=false, is-selected=false, layout-params=androidx.appcompat.widget.ActionBarOverlayLayout$LayoutParams&#64;c890241, tag=null, root-is-layout-requested=false, has-input-connection=false, x=0.0, y=0.0, child-count=2}
|
+-----&gt;Toolbar{id=2131230772, res-name=action_bar, visibility=VISIBLE, width=1080, height=154, has-focus=false, has-focusable=false, has-window-focus=true, is-clickable=false, is-enabled=true, is-focused=false, is-focusable=false, is-layout-requested=false, is-selected=false, layout-params=android.widget.FrameLayout$LayoutParams&#64;f22817d, tag=null, root-is-layout-requested=false, has-input-connection=false, x=0.0, y=0.0, child-count=3}
|
+------&gt;AppCompatTextView{id=-1, visibility=VISIBLE, width=225, height=74, has-focus=false, has-focusable=false, has-window-focus=true, is-clickable=false, is-enabled=true, is-focused=false, is-focusable=false, is-layout-requested=false, is-selected=false, layout-params=androidx.appcompat.widget.Toolbar$LayoutParams&#64;8d36872, tag=null, root-is-layout-requested=false, has-input-connection=false, x=198.0, y=40.0, text=Dogglers, input-type=0, ime-target=false, has-links=false}
|
+------&gt;AppCompatImageButton{id=-1, desc=Navigate up, visibility=VISIBLE, width=154, height=154, has-focus=false, has-focusable=false, has-window-focus=true, is-clickable=true, is-enabled=true, is-focused=false, is-focusable=true, is-layout-requested=false, is-selected=false, layout-params=androidx.appcompat.widget.Toolbar$LayoutParams&#64;60264c3, tag=null, root-is-layout-requested=false, has-input-connection=false, x=0.0, y=0.0}
|
+------&gt;ActionMenuView{id=-1, visibility=VISIBLE, width=0, height=154, has-focus=false, has-focusable=false, has-window-focus=true, is-clickable=false, is-enabled=true, is-focused=false, is-focusable=false, is-layout-requested=false, is-selected=false, layout-params=androidx.appcompat.widget.Toolbar$LayoutParams&#64;b8a8140, tag=null, root-is-layout-requested=false, has-input-connection=false, x=1080.0, y=0.0, child-count=0}
|
+-----&gt;ActionBarContextView{id=2131230780, res-name=action_context_bar, visibility=GONE, width=0, height=0, has-focus=false, has-focusable=false, has-window-focus=true, is-clickable=false, is-enabled=true, is-focused=false, is-focusable=false, is-layout-requested=true, is-selected=false, layout-params=android.widget.FrameLayout$LayoutParams&#64;4dab879, tag=null, root-is-layout-requested=false, has-input-connection=false, x=0.0, y=0.0, child-count=0}
|
+-&gt;View{id=16908336, res-name=navigationBarBackground, visibility=VISIBLE, width=1080, height=132, has-focus=false, has-focusable=false, has-window-focus=true, is-clickable=false, is-enabled=true, is-focused=false, is-focusable=false, is-layout-requested=false, is-selected=false, layout-params=android.widget.FrameLayout$LayoutParams&#64;beb99be, tag=null, root-is-layout-requested=false, has-input-connection=false, x=0.0, y=2208.0}
|
+-&gt;View{id=16908335, res-name=statusBarBackground, visibility=VISIBLE, width=1080, height=145, has-focus=false, has-focusable=false, has-window-focus=true, is-clickable=false, is-enabled=true, is-focused=false, is-focusable=false, is-layout-requested=false, is-selected=false, layout-params=android.widget.FrameLayout$LayoutParams&#64;31c8a1f, tag=null, root-is-layout-requested=false, has-input-connection=false, x=0.0, y=0.0}
at dalvik.system.VMStack.getThreadStackTrace(Native Method)
at java.lang.Thread.getStackTrace(Thread.java:1724)
at androidx.test.espresso.base.DefaultFailureHandler.getUserFriendlyError(DefaultFailureHandler.java:12)
at androidx.test.espresso.base.DefaultFailureHandler.handle(DefaultFailureHandler.java:7)
at androidx.test.espresso.ViewInteraction.waitForAndHandleInteractionResults(ViewInteraction.java:8)
at androidx.test.espresso.ViewInteraction.check(ViewInteraction.java:12)
at com.example.dogglers.GridListTests.grid_list_content_at_last_position(GridListTests.kt:54)</failure>
  </testcase>
  <testcase name="grid_list_content_at_first_position" classname="com.example.dogglers.GridListTests" time="0.886">
    <failure>androidx.test.espresso.NoMatchingViewException: No views in hierarchy found matching: an instance of android.widget.TextView and view.getText() with or without transformation to match: is "Tzeitel"

View Hierarchy:
+&gt;DecorView{id=-1, visibility=VISIBLE, width=1080, height=2340, has-focus=false, has-focusable=true, has-window-focus=true, is-clickable=false, is-enabled=true, is-focused=false, is-focusable=false, is-layout-requested=false, is-selected=false, layout-params={(0,0)(fillxfill) ty=BASE_APPLICATION wanim=0x10302fe
fl=LAYOUT_IN_SCREEN LAYOUT_INSET_DECOR SPLIT_TOUCH HARDWARE_ACCELERATED DRAWS_SYSTEM_BAR_BACKGROUNDS
pfl=NO_MOVE_ANIMATION FORCE_DRAW_STATUS_BAR_BACKGROUND FIT_INSETS_CONTROLLED
bhv=DEFAULT
fitSides=}, tag=null, root-is-layout-requested=false, has-input-connection=false, x=0.0, y=0.0, child-count=3}
|
+-&gt;LinearLayout{id=-1, visibility=VISIBLE, width=1080, height=2208, has-focus=false, has-focusable=true, has-window-focus=true, is-clickable=false, is-enabled=true, is-focused=false, is-focusable=false, is-layout-requested=false, is-selected=false, layout-params=android.widget.FrameLayout$LayoutParams&#64;c23ab77, tag=null, root-is-layout-requested=false, has-input-connection=false, x=0.0, y=0.0, child-count=2}
|
+--&gt;ViewStub{id=16908720, res-name=action_mode_bar_stub, visibility=GONE, width=0, height=0, has-focus=false, has-focusable=false, has-window-focus=true, is-clickable=false, is-enabled=true, is-focused=false, is-focusable=false, is-layout-requested=true, is-selected=false, layout-params=android.widget.LinearLayout$LayoutParams&#64;e7873e4, tag=null, root-is-layout-requested=false, has-input-connection=false, x=0.0, y=0.0}
|
+--&gt;FrameLayout{id=-1, visibility=VISIBLE, width=1080, height=2063, has-focus=false, has-focusable=true, has-window-focus=true, is-clickable=false, is-enabled=true, is-focused=false, is-focusable=false, is-layout-requested=false, is-selected=false, layout-params=android.widget.LinearLayout$LayoutParams&#64;742c702, tag=null, root-is-layout-requested=false, has-input-connection=false, x=0.0, y=145.0, child-count=1}
|
+---&gt;ActionBarOverlayLayout{id=2131230866, res-name=decor_content_parent, visibility=VISIBLE, width=1080, height=2063, has-focus=false, has-focusable=true, has-window-focus=true, is-clickable=false, is-enabled=true, is-focused=false, is-focusable=false, is-layout-requested=false, is-selected=false, layout-params=android.widget.FrameLayout$LayoutParams&#64;f5a5449, tag=null, root-is-layout-requested=false, has-input-connection=false, x=0.0, y=0.0, child-count=2}
|
+----&gt;ContentFrameLayout{id=16908290, res-name=content, visibility=VISIBLE, width=1080, height=1909, has-focus=false, has-focusable=true, has-window-focus=true, is-clickable=false, is-enabled=true, is-focused=false, is-focusable=false, is-layout-requested=false, is-selected=false, layout-params=androidx.appcompat.widget.ActionBarOverlayLayout$LayoutParams&#64;ece926f, tag=null, root-is-layout-requested=false, has-input-connection=false, x=0.0, y=154.0, child-count=1}
|
+-----&gt;FrameLayout{id=-1, visibility=VISIBLE, width=1080, height=1909, has-focus=false, has-focusable=true, has-window-focus=true, is-clickable=false, is-enabled=true, is-focused=false, is-focusable=false, is-layout-requested=false, is-selected=false, layout-params=android.widget.FrameLayout$LayoutParams&#64;2eaec05, tag=null, root-is-layout-requested=false, has-input-connection=false, x=0.0, y=0.0, child-count=1}
|
+------&gt;RecyclerView{id=2131230933, res-name=grid_recycler_view, visibility=VISIBLE, width=1080, height=1909, has-focus=false, has-focusable=true, has-window-focus=true, is-clickable=false, is-enabled=true, is-focused=false, is-focusable=true, is-layout-requested=false, is-selected=false, layout-params=android.widget.FrameLayout$LayoutParams&#64;bd29e14, tag=null, root-is-layout-requested=false, has-input-connection=false, x=0.0, y=0.0, child-count=6}
|
[...]
|
+------&gt;ActionMenuView{id=-1, visibility=VISIBLE, width=0, height=154, has-focus=false, has-focusable=false, has-window-focus=true, is-clickable=false, is-enabled=true, is-focused=false, is-focusable=false, is-layout-requested=false, is-selected=false, layout-params=androidx.appcompat.widget.Toolbar$LayoutParams&#64;a4d6065, tag=null, root-is-layout-requested=false, has-input-connection=false, x=1080.0, y=0.0, child-count=0}
|
+-----&gt;ActionBarContextView{id=2131230780, res-name=action_context_bar, visibility=GONE, width=0, height=0, has-focus=false, has-focusable=false, has-window-focus=true, is-clickable=false, is-enabled=true, is-focused=false, is-focusable=false, is-layout-requested=true, is-selected=false, layout-params=android.widget.FrameLayout$LayoutParams&#64;96f013a, tag=null, root-is-layout-requested=false, has-input-connection=false, x=0.0, y=0.0, child-count=0}
|
+-&gt;View{id=16908336, res-name=navigationBarBackground, visibility=VISIBLE, width=1080, height=132, has-focus=false, has-focusable=false, has-window-focus=true, is-clickable=false, is-enabled=true, is-focused=false, is-focusable=false, is-layout-requested=false, is-selected=false, layout-params=android.widget.FrameLayout$LayoutParams&#64;37f61eb, tag=null, root-is-layout-requested=false, has-input-connection=false, x=0.0, y=2208.0}
|
+-&gt;View{id=16908335, res-name=statusBarBackground, visibility=VISIBLE, width=1080, height=145, has-focus=false, has-focusable=false, has-window-focus=true, is-clickable=false, is-enabled=true, is-focused=false, is-focusable=false, is-layout-requested=false, is-selected=false, layout-params=android.widget.FrameLayout$LayoutParams&#64;3d47b48, tag=null, root-is-layout-requested=false, has-input-connection=false, x=0.0, y=0.0}
at dalvik.system.VMStack.getThreadStackTrace(Native Method)
at java.lang.Thread.getStackTrace(Thread.java:1724)
at androidx.test.espresso.base.DefaultFailureHandler.getUserFriendlyError(DefaultFailureHandler.java:12)
at androidx.test.espresso.base.DefaultFailureHandler.handle(DefaultFailureHandler.java:7)
at androidx.test.espresso.ViewInteraction.waitForAndHandleInteractionResults(ViewInteraction.java:8)
at androidx.test.espresso.ViewInteraction.check(ViewInteraction.java:12)
at com.example.dogglers.VerticalListTests.vertical_scrolling(VerticalListTests.kt:56)</failure>
  </testcase>
  <testcase name="vertical_scroll_content_at_first_position" classname="com.example.dogglers.VerticalListTests" time="1.307">
    <failure>androidx.test.espresso.NoMatchingViewException: No views in hierarchy found matching: an instance of android.widget.TextView and view.getText() with or without transformation to match: is "Tzeitel"

View Hierarchy:
+&gt;DecorView{id=-1, visibility=VISIBLE, width=1080, height=2340, has-focus=false, has-focusable=true, has-window-focus=true, is-clickable=false, is-enabled=true, is-focused=false, is-focusable=false, is-layout-requested=false, is-selected=false, layout-params={(0,0)(fillxfill) ty=BASE_APPLICATION wanim=0x10302fe
fl=LAYOUT_IN_SCREEN LAYOUT_INSET_DECOR SPLIT_TOUCH HARDWARE_ACCELERATED DRAWS_SYSTEM_BAR_BACKGROUNDS
pfl=NO_MOVE_ANIMATION FORCE_DRAW_STATUS_BAR_BACKGROUND FIT_INSETS_CONTROLLED
bhv=DEFAULT
fitSides=}, tag=null, root-is-layout-requested=false, has-input-connection=false, x=0.0, y=0.0, child-count=3}
|
+-&gt;LinearLayout{id=-1, visibility=VISIBLE, width=1080, height=2208, has-focus=false, has-focusable=true, has-window-focus=true, is-clickable=false, is-enabled=true, is-focused=false, is-focusable=false, is-layout-requested=false, is-selected=false, layout-params=android.widget.FrameLayout$LayoutParams&#64;5f8b422, tag=null, root-is-layout-requested=false, has-input-connection=false, x=0.0, y=0.0, child-count=2}
|
+--&gt;ViewStub{id=16908720, res-name=action_mode_bar_stub, visibility=GONE, width=0, height=0, has-focus=false, has-focusable=false, has-window-focus=true, is-clickable=false, is-enabled=true, is-focused=false, is-focusable=false, is-layout-requested=true, is-selected=false, layout-params=android.widget.LinearLayout$LayoutParams&#64;6133eb3, tag=null, root-is-layout-requested=false, has-input-connection=false, x=0.0, y=0.0}
|
+--&gt;FrameLayout{id=-1, visibility=VISIBLE, width=1080, height=2063, has-focus=false, has-focusable=true, has-window-focus=true, is-clickable=false, is-enabled=true, is-focused=false, is-focusable=false, is-layout-requested=false, is-selected=false, layout-params=android.widget.LinearLayout$LayoutParams&#64;8be7be9, tag=null, root-is-layout-requested=false, has-input-connection=false, x=0.0, y=145.0, child-count=1}
|
+---&gt;ActionBarOverlayLayout{id=2131230866, res-name=decor_content_parent, visibility=VISIBLE, width=1080, height=2063, has-focus=false, has-focusable=true, has-window-focus=true, is-clickable=false, is-enabled=true, is-focused=false, is-focusable=false, is-layout-requested=false, is-selected=false, layout-params=android.widget.FrameLayout$LayoutParams&#64;975df9c, tag=null, root-is-layout-requested=false, has-input-connection=false, x=0.0, y=0.0, child-count=2}
|
+----&gt;ContentFrameLayout{id=16908290, res-name=content, visibility=VISIBLE, width=1080, height=1909, has-focus=false, has-focusable=true, has-window-focus=true, is-clickable=false, is-enabled=true, is-focused=false, is-focusable=false, is-layout-requested=false, is-selected=false, layout-params=androidx.appcompat.widget.ActionBarOverlayLayout$LayoutParams&#64;670a57a, tag=null, root-is-layout-requested=false, has-input-connection=false, x=0.0, y=154.0, child-count=1}
|
+-----&gt;FrameLayout{id=-1, visibility=VISIBLE, width=1080, height=1909, has-focus=false, has-focusable=true, has-window-focus=true, is-clickable=false, is-enabled=true, is-focused=false, is-focusable=false, is-layout-requested=false, is-selected=false, layout-params=android.widget.FrameLayout$LayoutParams&#64;6cf5988, tag=null, root-is-layout-requested=false, has-input-connection=false, x=0.0, y=0.0, child-count=1}
|
+------&gt;RecyclerView{id=2131231202, res-name=vertical_recycler_view, visibility=VISIBLE, width=1080, height=1909, has-focus=false, has-focusable=true, has-window-focus=true, is-clickable=false, is-enabled=true, is-focused=false, is-focusable=true, is-layout-requested=false, is-selected=false, layout-params=android.widget.FrameLayout$LayoutParams&#64;c48634, tag=null, root-is-layout-requested=false, has-input-connection=false, x=0.0, y=0.0, child-count=3}
|
+-------&gt;MaterialCardView{id=-1, visibility=VISIBLE, width=1036, height=755, has-focus=false, has-focusable=false, has-window-focus=true, is-clickable=false, is-enabled=true, is-focused=false, is-focusable=false, is-layout-requested=false, is-selected=false, layout-params=androidx.recyclerview.widget.RecyclerView$LayoutParams&#64;21a69d2, tag=null, root-is-layout-requested=false, has-input-connection=false, x=22.0, y=22.0, is-checked=false, child-count=1}
|
+--------&gt;ConstraintLayout{id=-1, visibility=VISIBLE, width=1036, height=755, has-focus=false, has-focusable=false, has-window-focus=true, is-clickable=false, is-enabled=true, is-focused=false, is-focusable=false, is-layout-requested=false, is-selected=false, layout-params=android.widget.FrameLayout$LayoutParams&#64;ecaddff, tag=null, root-is-layout-requested=false, has-input-connection=false, x=0.0, y=0.0, child-count=4}
|
+---------&gt;AppCompatImageView{id=2131230952, res-name=image_view, visibility=VISIBLE, width=1036, height=534, has-focus=false, has-focusable=false, has-window-focus=true, is-clickable=false, is-enabled=true, is-focused=false, is-focusable=false, is-layout-requested=false, is-selected=false, layout-params=androidx.constraintlayout.widget.ConstraintLayout$LayoutParams&#64;e3e67cc, tag=null, root-is-layout-requested=false, has-input-connection=false, x=0.0, y=0.0}
|
+---------&gt;MaterialTextView{id=2131231194, res-name=tv_name, visibility=VISIBLE, width=116, height=74, has-focus=false, has-focusable=false, has-window-focus=true, is-clickable=false, is-enabled=true, is-focused=false, is-focusable=false, is-layout-requested=false, is-selected=false, layout-params=androidx.constraintlayout.widget.ConstraintLayout$LayoutParams&#64;7fa8a15, tag=null, root-is-layout-requested=false, has-input-connection=false, x=22.0, y=556.0, text=Nala, input-type=0, ime-target=false, has-links=false}
|
+---------&gt;MaterialTextView{id=2131231192, res-name=tv_age, visibility=VISIBLE, width=133, height=59, has-focus=false, has-focusable=false, has-window-focus=true, is-clickable=false, is-enabled=true, is-focused=false, is-focusable=false, is-layout-requested=false, is-selected=false, layout-params=androidx.constraintlayout.widget.ConstraintLayout$LayoutParams&#64;cfd612a, tag=null, root-is-layout-requested=false, has-input-connection=false, x=22.0, y=674.0, text=Age: 3, input-type=0, ime-target=false, has-links=false}
|
+---------&gt;MaterialTextView{id=2131231193, res-name=tv_hobbies, visibility=VISIBLE, width=656, height=59, has-focus=false, has-focusable=false, has-window-focus=true, is-clickable=false, is-enabled=true, is-focused=false, is-focusable=false, is-layout-requested=false, is-selected=false, layout-params=androidx.constraintlayout.widget.ConstraintLayout$LayoutParams&#64;bf95b1b, tag=null, root-is-layout-requested=false, has-input-connection=false, x=358.0, y=674.0, text=Hobbies: Strolling in the garden, input-type=0, ime-target=false, has-links=false}
|
+-------&gt;MaterialCardView{id=-1, visibility=VISIBLE, width=1036, height=755, has-focus=false, has-focusable=false, has-window-focus=true, is-clickable=false, is-enabled=true, is-focused=false, is-focusable=false, is-layout-requested=false, is-selected=false, layout-params=androidx.recyclerview.widget.RecyclerView$LayoutParams&#64;b06b291, tag=null, root-is-layout-requested=false, has-input-connection=false, x=22.0, y=821.0, is-checked=false, child-count=1}
|
+--------&gt;ConstraintLayout{id=-1, visibility=VISIBLE, width=1036, height=755, has-focus=false, has-focusable=false, has-window-focus=true, is-clickable=false, is-enabled=true, is-focused=false, is-focusable=false, is-layout-requested=false, is-selected=false, layout-params=android.widget.FrameLayout$LayoutParams&#64;8aceb82, tag=null, root-is-layout-requested=false, has-input-connection=false, x=0.0, y=0.0, child-count=4}
|
+---------&gt;AppCompatImageView{id=2131230952, res-name=image_view, visibility=VISIBLE, width=1036, height=534, has-focus=false, has-focusable=false, has-window-focus=true, is-clickable=false, is-enabled=true, is-focused=false, is-focusable=false, is-layout-requested=false, is-selected=false, layout-params=androidx.constraintlayout.widget.ConstraintLayout$LayoutParams&#64;9ee1293, tag=null, root-is-layout-requested=false, has-input-connection=false, x=0.0, y=0.0}
|
+---------&gt;MaterialTextView{id=2131231194, res-name=tv_name, visibility=VISIBLE, width=96, height=74, has-focus=false, has-focusable=false, has-window-focus=true, is-clickable=false, is-enabled=true, is-focused=false, is-focusable=false, is-layout-requested=false, is-selected=false, layout-params=androidx.constraintlayout.widget.ConstraintLayout$LayoutParams&#64;4b8e2d0, tag=null, root-is-layout-requested=false, has-input-connection=false, x=22.0, y=556.0, text=Kali, input-type=0, ime-target=false, has-links=false}
|
+---------&gt;MaterialTextView{id=2131231192, res-name=tv_age, visibility=VISIBLE, width=133, height=59, has-focus=false, has-focusable=false, has-window-focus=true, is-clickable=false, is-enabled=true, is-focused=false, is-focusable=false, is-layout-requested=false, is-selected=false, layout-params=androidx.constraintlayout.widget.ConstraintLayout$LayoutParams&#64;4b422c9, tag=null, root-is-layout-requested=false, has-input-connection=false, x=22.0, y=674.0, text=Age: 1, input-type=0, ime-target=false, has-links=false}
|
+---------&gt;MaterialTextView{id=2131231193, res-name=tv_hobbies, visibility=VISIBLE, width=433, height=59, has-focus=false, has-focusable=false, has-window-focus=true, is-clickable=false, is-enabled=true, is-focused=false, is-focusable=false, is-layout-requested=false, is-selected=false, layout-params=androidx.constraintlayout.widget.ConstraintLayout$LayoutParams&#64;3c23dce, tag=null, root-is-layout-requested=false, has-input-connection=false, x=581.0, y=674.0, text=Hobbies: Sunbathing, input-type=0, ime-target=false, has-links=false}
|
+-------&gt;MaterialCardView{id=-1, visibility=VISIBLE, width=1036, height=755, has-focus=false, has-focusable=false, has-window-focus=true, is-clickable=false, is-enabled=true, is-focused=false, is-focusable=false, is-layout-requested=false, is-selected=false, layout-params=androidx.recyclerview.widget.RecyclerView$LayoutParams&#64;115bfc, tag=null, root-is-layout-requested=false, has-input-connection=false, x=22.0, y=1620.0, is-checked=false, child-count=1}
|
+--------&gt;ConstraintLayout{id=-1, visibility=VISIBLE, width=1036, height=755, has-focus=false, has-focusable=false, has-window-focus=true, is-clickable=false, is-enabled=true, is-focused=false, is-focusable=false, is-layout-requested=false, is-selected=false, layout-params=android.widget.FrameLayout$LayoutParams&#64;1286201, tag=null, root-is-layout-requested=false, has-input-connection=false, x=0.0, y=0.0, child-count=4}
|
+---------&gt;AppCompatImageView{id=2131230952, res-name=image_view, visibility=VISIBLE, width=1036, height=534, has-focus=false, has-focusable=false, has-window-focus=true, is-clickable=false, is-enabled=true, is-focused=false, is-focusable=false, is-layout-requested=false, is-selected=false, layout-params=androidx.constraintlayout.widget.ConstraintLayout$LayoutParams&#64;9d438a6, tag=null, root-is-layout-requested=false, has-input-connection=false, x=0.0, y=0.0}
|
+---------&gt;MaterialTextView{id=2131231194, res-name=tv_name, visibility=VISIBLE, width=139, height=74, has-focus=false, has-focusable=false, has-window-focus=true, is-clickable=false, is-enabled=true, is-focused=false, is-focusable=false, is-layout-requested=false, is-selected=false, layout-params=androidx.constraintlayout.widget.ConstraintLayout$LayoutParams&#64;f02e2e7, tag=null, root-is-layout-requested=false, has-input-connection=false, x=22.0, y=556.0, text=Snow, input-type=0, ime-target=false, has-links=false}
|
+---------&gt;MaterialTextView{id=2131231192, res-name=tv_age, visibility=VISIBLE, width=133, height=59, has-focus=false, has-focusable=false, has-window-focus=true, is-clickable=false, is-enabled=true, is-focused=false, is-focusable=false, is-layout-requested=false, is-selected=false, layout-params=androidx.constraintlayout.widget.ConstraintLayout$LayoutParams&#64;b072e94, tag=null, root-is-layout-requested=false, has-input-connection=false, x=22.0, y=674.0, text=Age: 2, input-type=0, ime-target=false, has-links=false}
|
+---------&gt;MaterialTextView{id=2131231193, res-name=tv_hobbies, visibility=VISIBLE, width=602, height=59, has-focus=false, has-focusable=false, has-window-focus=true, is-clickable=false, is-enabled=true, is-focused=false, is-focusable=false, is-layout-requested=false, is-selected=false, layout-params=androidx.constraintlayout.widget.ConstraintLayout$LayoutParams&#64;cb81d3d, tag=null, root-is-layout-requested=false, has-input-connection=false, x=412.0, y=674.0, text=Hobbies: Playing in the snow, input-type=0, ime-target=false, has-links=false}
|
+----&gt;ActionBarContainer{id=2131230774, res-name=action_bar_container, visibility=VISIBLE, width=1080, height=154, has-focus=false, has-focusable=false, has-window-focus=true, is-clickable=false, is-enabled=true, is-focused=false, is-focusable=false, is-layout-requested=false, is-selected=false, layout-params=androidx.appcompat.widget.ActionBarOverlayLayout$LayoutParams&#64;172a000, tag=null, root-is-layout-requested=false, has-input-connection=false, x=0.0, y=0.0, child-count=2}
|
+-----&gt;Toolbar{id=2131230772, res-name=action_bar, visibility=VISIBLE, width=1080, height=154, has-focus=false, has-focusable=false, has-window-focus=true, is-clickable=false, is-enabled=true, is-focused=false, is-focusable=false, is-layout-requested=false, is-selected=false, layout-params=android.widget.FrameLayout$LayoutParams&#64;c61bc2c, tag=null, root-is-layout-requested=false, has-input-connection=false, x=0.0, y=0.0, child-count=3}
|
+------&gt;AppCompatTextView{id=-1, visibility=VISIBLE, width=225, height=74, has-focus=false, has-focusable=false, has-window-focus=true, is-clickable=false, is-enabled=true, is-focused=false, is-focusable=false, is-layout-requested=false, is-selected=false, layout-params=androidx.appcompat.widget.Toolbar$LayoutParams&#64;2fab6f5, tag=null, root-is-layout-requested=false, has-input-connection=false, x=198.0, y=40.0, text=Dogglers, input-type=0, ime-target=false, has-links=false}
|
+------&gt;AppCompatImageButton{id=-1, desc=Navigate up, visibility=VISIBLE, width=154, height=154, has-focus=false, has-focusable=false, has-window-focus=true, is-clickable=true, is-enabled=true, is-focused=false, is-focusable=true, is-layout-requested=false, is-selected=false, layout-params=androidx.appcompat.widget.Toolbar$LayoutParams&#64;efcbc8a, tag=null, root-is-layout-requested=false, has-input-connection=false, x=0.0, y=0.0}
|
+------&gt;ActionMenuView{id=-1, visibility=VISIBLE, width=0, height=154, has-focus=false, has-focusable=false, has-window-focus=true, is-clickable=false, is-enabled=true, is-focused=false, is-focusable=false, is-layout-requested=false, is-selected=false, layout-params=androidx.appcompat.widget.Toolbar$LayoutParams&#64;fca82fb, tag=null, root-is-layout-requested=false, has-input-connection=false, x=1080.0, y=0.0, child-count=0}
|
+-----&gt;ActionBarContextView{id=2131230780, res-name=action_context_bar, visibility=GONE, width=0, height=0, has-focus=false, has-focusable=false, has-window-focus=true, is-clickable=false, is-enabled=true, is-focused=false, is-focusable=false, is-layout-requested=true, is-selected=false, layout-params=android.widget.FrameLayout$LayoutParams&#64;6446f18, tag=null, root-is-layout-requested=false, has-input-connection=false, x=0.0, y=0.0, child-count=0}
|
+-&gt;View{id=16908336, res-name=navigationBarBackground, visibility=VISIBLE, width=1080, height=132, has-focus=false, has-focusable=false, has-window-focus=true, is-clickable=false, is-enabled=true, is-focused=false, is-focusable=false, is-layout-requested=false, is-selected=false, layout-params=android.widget.FrameLayout$LayoutParams&#64;98ccd71, tag=null, root-is-layout-requested=false, has-input-connection=false, x=0.0, y=2208.0}
|
+-&gt;View{id=16908335, res-name=statusBarBackground, visibility=VISIBLE, width=1080, height=145, has-focus=false, has-focusable=false, has-window-focus=true, is-clickable=false, is-enabled=true, is-focused=false, is-focusable=false, is-layout-requested=false, is-selected=false, layout-params=android.widget.FrameLayout$LayoutParams&#64;df21756, tag=null, root-is-layout-requested=false, has-input-connection=false, x=0.0, y=0.0}
at dalvik.system.VMStack.getThreadStackTrace(Native Method)
at java.lang.Thread.getStackTrace(Thread.java:1724)
at androidx.test.espresso.base.DefaultFailureHandler.getUserFriendlyError(DefaultFailureHandler.java:12)
at androidx.test.espresso.base.DefaultFailureHandler.handle(DefaultFailureHandler.java:7)
at androidx.test.espresso.ViewInteraction.waitForAndHandleInteractionResults(ViewInteraction.java:8)
at androidx.test.espresso.ViewInteraction.check(ViewInteraction.java:12)
at com.example.dogglers.BaseTest.hasListItemContent(BaseTest.kt:57)
at com.example.dogglers.BaseTest.checkFirstPosition(BaseTest.kt:70)
at com.example.dogglers.VerticalListTests.vertical_scroll_content_at_first_position(VerticalListTests.kt:42)</failure>
  </testcase>
</testsuite>